This is XeTeX, Version 3.14159265-2.6-0.999991 (TeX Live 2019/W32TeX) (preloaded format=xelatex 2019.9.27)  23 JAN 2020 10:16
entering extended mode
 restricted \write18 enabled.
 %&-line parsing enabled.
**guia_me.tex
(./guia_me.tex
LaTeX2e <2018-12-01>
(c:/Users/franj/AppData/Roaming/TinyTeX/texmf-dist/tex/latex/base/book.cls
Document Class: book 2018/09/03 v1.4i Standard LaTeX document class
(c:/Users/franj/AppData/Roaming/TinyTeX/texmf-dist/tex/latex/base/bk10.clo
File: bk10.clo 2018/09/03 v1.4i Standard LaTeX file (size option)
)
\c@part=\count80
\c@chapter=\count81
\c@section=\count82
\c@subsection=\count83
\c@subsubsection=\count84
\c@paragraph=\count85
\c@subparagraph=\count86
\c@figure=\count87
\c@table=\count88
\abovecaptionskip=\skip41
\belowcaptionskip=\skip42
\bibindent=\dimen102
) (c:/Users/franj/AppData/Roaming/TinyTeX/texmf-dist/tex/latex/lm/lmodern.sty
Package: lmodern 2009/10/30 v1.6 Latin Modern Fonts
LaTeX Font Info:    Overwriting symbol font `operators' in version `normal'
(Font)                  OT1/cmr/m/n --> OT1/lmr/m/n on input line 22.
LaTeX Font Info:    Overwriting symbol font `letters' in version `normal'
(Font)                  OML/cmm/m/it --> OML/lmm/m/it on input line 23.
LaTeX Font Info:    Overwriting symbol font `symbols' in version `normal'
(Font)                  OMS/cmsy/m/n --> OMS/lmsy/m/n on input line 24.
LaTeX Font Info:    Overwriting symbol font `largesymbols' in version `normal'
(Font)                  OMX/cmex/m/n --> OMX/lmex/m/n on input line 25.
LaTeX Font Info:    Overwriting symbol font `operators' in version `bold'
(Font)                  OT1/cmr/bx/n --> OT1/lmr/bx/n on input line 26.
LaTeX Font Info:    Overwriting symbol font `letters' in version `bold'
(Font)                  OML/cmm/b/it --> OML/lmm/b/it on input line 27.
LaTeX Font Info:    Overwriting symbol font `symbols' in version `bold'
(Font)                  OMS/cmsy/b/n --> OMS/lmsy/b/n on input line 28.
LaTeX Font Info:    Overwriting symbol font `largesymbols' in version `bold'
(Font)                  OMX/cmex/m/n --> OMX/lmex/m/n on input line 29.
LaTeX Font Info:    Overwriting math alphabet `\mathbf' in version `normal'
(Font)                  OT1/cmr/bx/n --> OT1/lmr/bx/n on input line 31.
LaTeX Font Info:    Overwriting math alphabet `\mathsf' in version `normal'
(Font)                  OT1/cmss/m/n --> OT1/lmss/m/n on input line 32.
LaTeX Font Info:    Overwriting math alphabet `\mathit' in version `normal'
(Font)                  OT1/cmr/m/it --> OT1/lmr/m/it on input line 33.
LaTeX Font Info:    Overwriting math alphabet `\mathtt' in version `normal'
(Font)                  OT1/cmtt/m/n --> OT1/lmtt/m/n on input line 34.
LaTeX Font Info:    Overwriting math alphabet `\mathbf' in version `bold'
(Font)                  OT1/cmr/bx/n --> OT1/lmr/bx/n on input line 35.
LaTeX Font Info:    Overwriting math alphabet `\mathsf' in version `bold'
(Font)                  OT1/cmss/bx/n --> OT1/lmss/bx/n on input line 36.
LaTeX Font Info:    Overwriting math alphabet `\mathit' in version `bold'
(Font)                  OT1/cmr/bx/it --> OT1/lmr/bx/it on input line 37.
LaTeX Font Info:    Overwriting math alphabet `\mathtt' in version `bold'
(Font)                  OT1/cmtt/m/n --> OT1/lmtt/m/n on input line 38.
)
(c:/Users/franj/AppData/Roaming/TinyTeX/texmf-dist/tex/latex/amsfonts/amssymb.s
ty
Package: amssymb 2013/01/14 v3.01 AMS font symbols

(c:/Users/franj/AppData/Roaming/TinyTeX/texmf-dist/tex/latex/amsfonts/amsfonts.
sty
Package: amsfonts 2013/01/14 v3.01 Basic AMSFonts support
\@emptytoks=\toks14
\symAMSa=\mathgroup4
\symAMSb=\mathgroup5
LaTeX Font Info:    Overwriting math alphabet `\mathfrak' in version `bold'
(Font)                  U/euf/m/n --> U/euf/b/n on input line 106.
))
(c:/Users/franj/AppData/Roaming/TinyTeX/texmf-dist/tex/latex/amsmath/amsmath.st
y
Package: amsmath 2018/12/01 v2.17b AMS math features
\@mathmargin=\skip43
For additional information on amsmath, use the `?' option.

(c:/Users/franj/AppData/Roaming/TinyTeX/texmf-dist/tex/latex/amsmath/amstext.st
y
Package: amstext 2000/06/29 v2.01 AMS text

(c:/Users/franj/AppData/Roaming/TinyTeX/texmf-dist/tex/latex/amsmath/amsgen.sty
File: amsgen.sty 1999/11/30 v2.0 generic functions
\@emptytoks=\toks15
\ex@=\dimen103
))
(c:/Users/franj/AppData/Roaming/TinyTeX/texmf-dist/tex/latex/amsmath/amsbsy.sty
Package: amsbsy 1999/11/29 v1.2d Bold Symbols
\pmbraise@=\dimen104
)
(c:/Users/franj/AppData/Roaming/TinyTeX/texmf-dist/tex/latex/amsmath/amsopn.sty
Package: amsopn 2016/03/08 v2.02 operator names
)
\inf@bad=\count89
LaTeX Info: Redefining \frac on input line 223.
\uproot@=\count90
\leftroot@=\count91
LaTeX Info: Redefining \overline on input line 385.
\classnum@=\count92
\DOTSCASE@=\count93
LaTeX Info: Redefining \ldots on input line 482.
LaTeX Info: Redefining \dots on input line 485.
LaTeX Info: Redefining \cdots on input line 606.
\Mathstrutbox@=\box27
\strutbox@=\box28
\big@size=\dimen105
LaTeX Font Info:    Redeclaring font encoding OML on input line 729.
LaTeX Font Info:    Redeclaring font encoding OMS on input line 730.
\macc@depth=\count94
\c@MaxMatrixCols=\count95
\dotsspace@=\muskip10
\c@parentequation=\count96
\dspbrk@lvl=\count97
\tag@help=\toks16
\row@=\count98
\column@=\count99
\maxfields@=\count100
\andhelp@=\toks17
\eqnshift@=\dimen106
\alignsep@=\dimen107
\tagshift@=\dimen108
\tagwidth@=\dimen109
\totwidth@=\dimen110
\lineht@=\dimen111
\@envbody=\toks18
\multlinegap=\skip44
\multlinetaggap=\skip45
\mathdisplay@stack=\toks19
LaTeX Info: Redefining \[ on input line 2844.
LaTeX Info: Redefining \] on input line 2845.
)
(c:/Users/franj/AppData/Roaming/TinyTeX/texmf-dist/tex/generic/ifxetex/ifxetex.
sty
Package: ifxetex 2010/09/12 v0.6 Provides ifxetex conditional
)
(c:/Users/franj/AppData/Roaming/TinyTeX/texmf-dist/tex/generic/oberdiek/ifluate
x.sty
Package: ifluatex 2016/05/16 v1.4 Provides the ifluatex switch (HO)
Package ifluatex Info: LuaTeX not detected.
) (c:/Users/franj/AppData/Roaming/TinyTeX/texmf-dist/tex/latex/base/fixltx2e.st
y
Package: fixltx2e 2016/12/29 v2.1a fixes to LaTeX (obsolete)
Applying: [2015/01/01] Old fixltx2e package on input line 46.

Package fixltx2e Warning: fixltx2e is not required with releases after 2015
(fixltx2e)                All fixes are now in the LaTeX kernel.
(fixltx2e)                See the latexrelease package for details.

Already applied: [0000/00/00] Old fixltx2e package on input line 53.
)
(c:/Users/franj/AppData/Roaming/TinyTeX/texmf-dist/tex/xelatex/mathspec/mathspe
c.sty
Package: mathspec 2016/12/22 v0.2b LaTeX Package (Mathematics font selection fo
r XeLaTeX)

(c:/Users/franj/AppData/Roaming/TinyTeX/texmf-dist/tex/latex/etoolbox/etoolbox.
sty
Package: etoolbox 2019/09/21 v2.5h e-TeX tools for LaTeX (JAW)
\etb@tempcnta=\count101
)
(c:/Users/franj/AppData/Roaming/TinyTeX/texmf-dist/tex/latex/fontspec/fontspec.
sty
(c:/Users/franj/AppData/Roaming/TinyTeX/texmf-dist/tex/latex/l3packages/xparse/
xparse.sty
(c:/Users/franj/AppData/Roaming/TinyTeX/texmf-dist/tex/latex/l3kernel/expl3.sty
Package: expl3 2019-09-19 L3 programming layer (loader) 

(c:/Users/franj/AppData/Roaming/TinyTeX/texmf-dist/tex/latex/l3kernel/expl3-cod
e.tex
Package: expl3 2019-09-19 L3 programming layer (code)
\c_max_int=\count102
\l_tmpa_int=\count103
\l_tmpb_int=\count104
\g_tmpa_int=\count105
\g_tmpb_int=\count106
\g__kernel_prg_map_int=\count107
\c__ior_term_noprompt_ior=\count108
\c_log_iow=\count109
\l_iow_line_count_int=\count110
\l__iow_line_target_int=\count111
\l__iow_one_indent_int=\count112
\l__iow_indent_int=\count113
\c_zero_dim=\dimen112
\c_max_dim=\dimen113
\l_tmpa_dim=\dimen114
\l_tmpb_dim=\dimen115
\g_tmpa_dim=\dimen116
\g_tmpb_dim=\dimen117
\c_zero_skip=\skip46
\c_max_skip=\skip47
\l_tmpa_skip=\skip48
\l_tmpb_skip=\skip49
\g_tmpa_skip=\skip50
\g_tmpb_skip=\skip51
\c_zero_muskip=\muskip11
\c_max_muskip=\muskip12
\l_tmpa_muskip=\muskip13
\l_tmpb_muskip=\muskip14
\g_tmpa_muskip=\muskip15
\g_tmpb_muskip=\muskip16
\l_keys_choice_int=\count114
\l__intarray_loop_int=\count115
\c__intarray_sp_dim=\dimen118
\g__intarray_font_int=\count116
\c__fp_leading_shift_int=\count117
\c__fp_middle_shift_int=\count118
\c__fp_trailing_shift_int=\count119
\c__fp_big_leading_shift_int=\count120
\c__fp_big_middle_shift_int=\count121
\c__fp_big_trailing_shift_int=\count122
\c__fp_Bigg_leading_shift_int=\count123
\c__fp_Bigg_middle_shift_int=\count124
\c__fp_Bigg_trailing_shift_int=\count125
\g__fp_array_int=\count126
\l__fp_array_loop_int=\count127
\l__sort_length_int=\count128
\l__sort_min_int=\count129
\l__sort_top_int=\count130
\l__sort_max_int=\count131
\l__sort_true_max_int=\count132
\l__sort_block_int=\count133
\l__sort_begin_int=\count134
\l__sort_end_int=\count135
\l__sort_A_int=\count136
\l__sort_B_int=\count137
\l__sort_C_int=\count138
\l__str_internal_int=\count139
\l__tl_analysis_normal_int=\count140
\l__tl_analysis_index_int=\count141
\l__tl_analysis_nesting_int=\count142
\l__tl_analysis_type_int=\count143
\l__regex_internal_a_int=\count144
\l__regex_internal_b_int=\count145
\l__regex_internal_c_int=\count146
\l__regex_balance_int=\count147
\l__regex_group_level_int=\count148
\l__regex_mode_int=\count149
\c__regex_cs_in_class_mode_int=\count150
\c__regex_cs_mode_int=\count151
\l__regex_catcodes_int=\count152
\l__regex_default_catcodes_int=\count153
\c__regex_catcode_L_int=\count154
\c__regex_catcode_O_int=\count155
\c__regex_catcode_A_int=\count156
\c__regex_all_catcodes_int=\count157
\l__regex_show_lines_int=\count158
\l__regex_min_state_int=\count159
\l__regex_max_state_int=\count160
\l__regex_left_state_int=\count161
\l__regex_right_state_int=\count162
\l__regex_capturing_group_int=\count163
\l__regex_min_pos_int=\count164
\l__regex_max_pos_int=\count165
\l__regex_curr_pos_int=\count166
\l__regex_start_pos_int=\count167
\l__regex_success_pos_int=\count168
\l__regex_curr_char_int=\count169
\l__regex_curr_catcode_int=\count170
\l__regex_last_char_int=\count171
\l__regex_case_changed_char_int=\count172
\l__regex_curr_state_int=\count173
\l__regex_step_int=\count174
\l__regex_min_active_int=\count175
\l__regex_max_active_int=\count176
\l__regex_replacement_csnames_int=\count177
\l__regex_match_count_int=\count178
\l__regex_min_submatch_int=\count179
\l__regex_submatch_int=\count180
\l__regex_zeroth_submatch_int=\count181
\g__regex_trace_regex_int=\count182
\c_empty_box=\box29
\l_tmpa_box=\box30
\l_tmpb_box=\box31
\g_tmpa_box=\box32
\g_tmpb_box=\box33
\l__box_top_dim=\dimen119
\l__box_bottom_dim=\dimen120
\l__box_left_dim=\dimen121
\l__box_right_dim=\dimen122
\l__box_top_new_dim=\dimen123
\l__box_bottom_new_dim=\dimen124
\l__box_left_new_dim=\dimen125
\l__box_right_new_dim=\dimen126
\l__box_internal_box=\box34
\l__coffin_internal_box=\box35
\l__coffin_internal_dim=\dimen127
\l__coffin_offset_x_dim=\dimen128
\l__coffin_offset_y_dim=\dimen129
\l__coffin_x_dim=\dimen130
\l__coffin_y_dim=\dimen131
\l__coffin_x_prime_dim=\dimen132
\l__coffin_y_prime_dim=\dimen133
\c_empty_coffin=\box36
\l__coffin_aligned_coffin=\box37
\l__coffin_aligned_internal_coffin=\box38
\l_tmpa_coffin=\box39
\l_tmpb_coffin=\box40
\g_tmpa_coffin=\box41
\g_tmpb_coffin=\box42
\l__coffin_bounding_shift_dim=\dimen134
\l__coffin_left_corner_dim=\dimen135
\l__coffin_right_corner_dim=\dimen136
\l__coffin_bottom_corner_dim=\dimen137
\l__coffin_top_corner_dim=\dimen138
\l__coffin_scaled_total_height_dim=\dimen139
\l__coffin_scaled_width_dim=\dimen140
\c__coffin_empty_coffin=\box43
\l__coffin_display_coffin=\box44
\l__coffin_display_coord_coffin=\box45
\l__coffin_display_pole_coffin=\box46
\l__coffin_display_offset_dim=\dimen141
\l__coffin_display_x_dim=\dimen142
\l__coffin_display_y_dim=\dimen143
\g__char_data_ior=\read1
\l__seq_internal_a_int=\count183
\l__seq_internal_b_int=\count184
)
(c:/Users/franj/AppData/Roaming/TinyTeX/texmf-dist/tex/latex/l3backend/l3backen
d-xdvipdfmx.def
File: l3backend-xdvipdfmx.def 2019-04-06 v L3 backend support: xdvipdfmx
\g__graphics_track_int=\count185
\l__pdf_internal_box=\box47
\g__pdf_backend_object_int=\count186
\g__pdf_backend_annotation_int=\count187
))
Package: xparse 2019-05-28 L3 Experimental document command parser
\l__xparse_current_arg_int=\count188
\g__xparse_grabber_int=\count189
\l__xparse_m_args_int=\count190
\l__xparse_v_nesting_int=\count191
)
Package: fontspec 2019/03/15 v2.7c Font selection for XeLaTeX and LuaLaTeX

(c:/Users/franj/AppData/Roaming/TinyTeX/texmf-dist/tex/latex/fontspec/fontspec-
xetex.sty
Package: fontspec-xetex 2019/03/15 v2.7c Font selection for XeLaTeX and LuaLaTe
X
\l__fontspec_script_int=\count192
\l__fontspec_language_int=\count193
\l__fontspec_strnum_int=\count194
\l__fontspec_tmp_int=\count195
\l__fontspec_tmpa_int=\count196
\l__fontspec_tmpb_int=\count197
\l__fontspec_tmpc_int=\count198
\l__fontspec_em_int=\count199
\l__fontspec_emdef_int=\count266
\l__fontspec_strong_int=\count267
\l__fontspec_strongdef_int=\count268
\l__fontspec_tmpa_dim=\dimen144
\l__fontspec_tmpb_dim=\dimen145
\l__fontspec_tmpc_dim=\dimen146
(c:/Users/franj/AppData/Roaming/TinyTeX/texmf-dist/tex/latex/base/fontenc.sty
Package: fontenc 2018/08/11 v2.0j Standard LaTeX package
(c:/Users/franj/AppData/Roaming/TinyTeX/texmf-dist/tex/latex/base/tuenc.def
File: tuenc.def 2018/08/11 v2.0j Standard LaTeX file
LaTeX Font Info:    Redeclaring font encoding TU on input line 82.
))
(c:/Users/franj/AppData/Roaming/TinyTeX/texmf-dist/tex/latex/fontspec/fontspec.
cfg)
LaTeX Info: Redefining \itshape on input line 4051.
LaTeX Info: Redefining \slshape on input line 4056.
LaTeX Info: Redefining \scshape on input line 4061.
LaTeX Info: Redefining \upshape on input line 4066.
LaTeX Info: Redefining \em on input line 4096.
LaTeX Info: Redefining \emph on input line 4121.
))
(c:/Users/franj/AppData/Roaming/TinyTeX/texmf-dist/tex/latex/xkeyval/xkeyval.st
y
Package: xkeyval 2014/12/03 v2.7a package option processing (HA)

(c:/Users/franj/AppData/Roaming/TinyTeX/texmf-dist/tex/generic/xkeyval/xkeyval.
tex
(c:/Users/franj/AppData/Roaming/TinyTeX/texmf-dist/tex/generic/xkeyval/xkvutils
.tex
\XKV@toks=\toks20
\XKV@tempa@toks=\toks21

(c:/Users/franj/AppData/Roaming/TinyTeX/texmf-dist/tex/generic/xkeyval/keyval.t
ex))
\XKV@depth=\count269
File: xkeyval.tex 2014/12/03 v2.7a key=value parser (HA)
))
\c@eu@=\count270
\c@eu@i=\count271
\c@mkern=\count272
)
(c:/Users/franj/AppData/Roaming/TinyTeX/texmf-dist/tex/latex/upquote/upquote.st
y
Package: upquote 2012/04/19 v1.3 upright-quote and grave-accent glyphs in verba
tim
(c:/Users/franj/AppData/Roaming/TinyTeX/texmf-dist/tex/latex/base/textcomp.sty
Package: textcomp 2018/08/11 v2.0j Standard LaTeX package
Package textcomp Info: Sub-encoding information:
(textcomp)               5 = only ISO-Adobe without \textcurrency
(textcomp)               4 = 5 + \texteuro
(textcomp)               3 = 4 + \textohm
(textcomp)               2 = 3 + \textestimated + \textcurrency
(textcomp)               1 = TS1 - \textcircled - \t
(textcomp)               0 = TS1 (full)
(textcomp)             Font families with sub-encoding setting implement
(textcomp)             only a restricted character set as indicated.
(textcomp)             Family '?' is the default used for unknown fonts.
(textcomp)             See the documentation for details.
Package textcomp Info: Setting ? sub-encoding to TS1/1 on input line 79.
(c:/Users/franj/AppData/Roaming/TinyTeX/texmf-dist/tex/latex/base/ts1enc.def
File: ts1enc.def 2001/06/05 v3.0e (jk/car/fm) Standard LaTeX file
)
LaTeX Info: Redefining \oldstylenums on input line 334.
Package textcomp Info: Setting cmr sub-encoding to TS1/0 on input line 349.
Package textcomp Info: Setting cmss sub-encoding to TS1/0 on input line 350.
Package textcomp Info: Setting cmtt sub-encoding to TS1/0 on input line 351.
Package textcomp Info: Setting cmvtt sub-encoding to TS1/0 on input line 352.
Package textcomp Info: Setting cmbr sub-encoding to TS1/0 on input line 353.
Package textcomp Info: Setting cmtl sub-encoding to TS1/0 on input line 354.
Package textcomp Info: Setting ccr sub-encoding to TS1/0 on input line 355.
Package textcomp Info: Setting ptm sub-encoding to TS1/4 on input line 356.
Package textcomp Info: Setting pcr sub-encoding to TS1/4 on input line 357.
Package textcomp Info: Setting phv sub-encoding to TS1/4 on input line 358.
Package textcomp Info: Setting ppl sub-encoding to TS1/3 on input line 359.
Package textcomp Info: Setting pag sub-encoding to TS1/4 on input line 360.
Package textcomp Info: Setting pbk sub-encoding to TS1/4 on input line 361.
Package textcomp Info: Setting pnc sub-encoding to TS1/4 on input line 362.
Package textcomp Info: Setting pzc sub-encoding to TS1/4 on input line 363.
Package textcomp Info: Setting bch sub-encoding to TS1/4 on input line 364.
Package textcomp Info: Setting put sub-encoding to TS1/5 on input line 365.
Package textcomp Info: Setting uag sub-encoding to TS1/5 on input line 366.
Package textcomp Info: Setting ugq sub-encoding to TS1/5 on input line 367.
Package textcomp Info: Setting ul8 sub-encoding to TS1/4 on input line 368.
Package textcomp Info: Setting ul9 sub-encoding to TS1/4 on input line 369.
Package textcomp Info: Setting augie sub-encoding to TS1/5 on input line 370.
Package textcomp Info: Setting dayrom sub-encoding to TS1/3 on input line 371.
Package textcomp Info: Setting dayroms sub-encoding to TS1/3 on input line 372.

Package textcomp Info: Setting pxr sub-encoding to TS1/0 on input line 373.
Package textcomp Info: Setting pxss sub-encoding to TS1/0 on input line 374.
Package textcomp Info: Setting pxtt sub-encoding to TS1/0 on input line 375.
Package textcomp Info: Setting txr sub-encoding to TS1/0 on input line 376.
Package textcomp Info: Setting txss sub-encoding to TS1/0 on input line 377.
Package textcomp Info: Setting txtt sub-encoding to TS1/0 on input line 378.
Package textcomp Info: Setting lmr sub-encoding to TS1/0 on input line 379.
Package textcomp Info: Setting lmdh sub-encoding to TS1/0 on input line 380.
Package textcomp Info: Setting lmss sub-encoding to TS1/0 on input line 381.
Package textcomp Info: Setting lmssq sub-encoding to TS1/0 on input line 382.
Package textcomp Info: Setting lmvtt sub-encoding to TS1/0 on input line 383.
Package textcomp Info: Setting lmtt sub-encoding to TS1/0 on input line 384.
Package textcomp Info: Setting qhv sub-encoding to TS1/0 on input line 385.
Package textcomp Info: Setting qag sub-encoding to TS1/0 on input line 386.
Package textcomp Info: Setting qbk sub-encoding to TS1/0 on input line 387.
Package textcomp Info: Setting qcr sub-encoding to TS1/0 on input line 388.
Package textcomp Info: Setting qcs sub-encoding to TS1/0 on input line 389.
Package textcomp Info: Setting qpl sub-encoding to TS1/0 on input line 390.
Package textcomp Info: Setting qtm sub-encoding to TS1/0 on input line 391.
Package textcomp Info: Setting qzc sub-encoding to TS1/0 on input line 392.
Package textcomp Info: Setting qhvc sub-encoding to TS1/0 on input line 393.
Package textcomp Info: Setting futs sub-encoding to TS1/4 on input line 394.
Package textcomp Info: Setting futx sub-encoding to TS1/4 on input line 395.
Package textcomp Info: Setting futj sub-encoding to TS1/4 on input line 396.
Package textcomp Info: Setting hlh sub-encoding to TS1/3 on input line 397.
Package textcomp Info: Setting hls sub-encoding to TS1/3 on input line 398.
Package textcomp Info: Setting hlst sub-encoding to TS1/3 on input line 399.
Package textcomp Info: Setting hlct sub-encoding to TS1/5 on input line 400.
Package textcomp Info: Setting hlx sub-encoding to TS1/5 on input line 401.
Package textcomp Info: Setting hlce sub-encoding to TS1/5 on input line 402.
Package textcomp Info: Setting hlcn sub-encoding to TS1/5 on input line 403.
Package textcomp Info: Setting hlcw sub-encoding to TS1/5 on input line 404.
Package textcomp Info: Setting hlcf sub-encoding to TS1/5 on input line 405.
Package textcomp Info: Setting pplx sub-encoding to TS1/3 on input line 406.
Package textcomp Info: Setting pplj sub-encoding to TS1/3 on input line 407.
Package textcomp Info: Setting ptmx sub-encoding to TS1/4 on input line 408.
Package textcomp Info: Setting ptmj sub-encoding to TS1/4 on input line 409.
))
(c:/Users/franj/AppData/Roaming/TinyTeX/texmf-dist/tex/latex/hyperref/hyperref.
sty
Package: hyperref 2019/09/12 v6.88i Hypertext links for LaTeX

(c:/Users/franj/AppData/Roaming/TinyTeX/texmf-dist/tex/generic/oberdiek/hobsub-
hyperref.sty
Package: hobsub-hyperref 2016/05/16 v1.14 Bundle oberdiek, subset hyperref (HO)


(c:/Users/franj/AppData/Roaming/TinyTeX/texmf-dist/tex/generic/oberdiek/hobsub-
generic.sty
Package: hobsub-generic 2016/05/16 v1.14 Bundle oberdiek, subset generic (HO)
Package: hobsub 2016/05/16 v1.14 Construct package bundles (HO)
Package: infwarerr 2016/05/16 v1.4 Providing info/warning/error messages (HO)
Package: ltxcmds 2016/05/16 v1.23 LaTeX kernel commands for general use (HO)
Package hobsub Info: Skipping package `ifluatex' (already loaded).
Package: ifvtex 2016/05/16 v1.6 Detect VTeX and its facilities (HO)
Package ifvtex Info: VTeX not detected.
Package: intcalc 2016/05/16 v1.2 Expandable calculations with integers (HO)
Package: ifpdf 2018/09/07 v3.3 Provides the ifpdf switch
Package: etexcmds 2016/05/16 v1.6 Avoid name clashes with e-TeX commands (HO)
Package: kvsetkeys 2016/05/16 v1.17 Key value parser (HO)
Package: kvdefinekeys 2016/05/16 v1.4 Define keys (HO)
Package: pdftexcmds 2019/07/25 v0.30 Utility functions of pdfTeX for LuaTeX (HO
)
Package pdftexcmds Info: LuaTeX not detected.
Package pdftexcmds Info: pdfTeX >= 1.30 not detected.
Package pdftexcmds Info: \pdf@primitive is available.
Package pdftexcmds Info: \pdf@ifprimitive is available.
Package pdftexcmds Info: \pdfdraftmode not found.
Package: pdfescape 2016/05/16 v1.14 Implements pdfTeX's escape features (HO)
Package: bigintcalc 2016/05/16 v1.4 Expandable calculations on big integers (HO
)
Package: bitset 2016/05/16 v1.2 Handle bit-vector datatype (HO)
Package: uniquecounter 2016/05/16 v1.3 Provide unlimited unique counter (HO)
)
Package hobsub Info: Skipping package `hobsub' (already loaded).
Package: letltxmacro 2016/05/16 v1.5 Let assignment for LaTeX macros (HO)
Package: hopatch 2016/05/16 v1.3 Wrapper for package hooks (HO)
Package: xcolor-patch 2016/05/16 xcolor patch
Package: atveryend 2016/05/16 v1.9 Hooks at the very end of document (HO)
Package: atbegshi 2016/06/09 v1.18 At begin shipout hook (HO)
Package: refcount 2016/05/16 v3.5 Data extraction from label references (HO)
Package: hycolor 2016/05/16 v1.8 Color options for hyperref/bookmark (HO)
)
(c:/Users/franj/AppData/Roaming/TinyTeX/texmf-dist/tex/latex/oberdiek/auxhook.s
ty
Package: auxhook 2016/05/16 v1.4 Hooks for auxiliary files (HO)
)
(c:/Users/franj/AppData/Roaming/TinyTeX/texmf-dist/tex/latex/oberdiek/kvoptions
.sty
Package: kvoptions 2016/05/16 v3.12 Key value format for package options (HO)
)
\@linkdim=\dimen147
\Hy@linkcounter=\count273
\Hy@pagecounter=\count274

(c:/Users/franj/AppData/Roaming/TinyTeX/texmf-dist/tex/latex/hyperref/pd1enc.de
f
File: pd1enc.def 2019/09/12 v6.88i Hyperref: PDFDocEncoding definition (HO)
)
\Hy@SavedSpaceFactor=\count275

(c:/Users/franj/AppData/Roaming/TinyTeX/texmf-dist/tex/latex/latexconfig/hyperr
ef.cfg
File: hyperref.cfg 2002/06/06 v1.2 hyperref configuration of TeXLive
)
Package hyperref Info: Hyper figures OFF on input line 4550.
Package hyperref Info: Link nesting OFF on input line 4555.
Package hyperref Info: Hyper index ON on input line 4558.
Package hyperref Info: Plain pages OFF on input line 4565.
Package hyperref Info: Backreferencing OFF on input line 4570.
Package hyperref Info: Implicit mode ON; LaTeX internals redefined.
Package hyperref Info: Bookmarks ON on input line 4803.
\c@Hy@tempcnt=\count276
(c:/Users/franj/AppData/Roaming/TinyTeX/texmf-dist/tex/latex/url/url.sty
\Urlmuskip=\muskip17
Package: url 2013/09/16  ver 3.4  Verb mode for urls, etc.
)
LaTeX Info: Redefining \url on input line 5156.
\XeTeXLinkMargin=\dimen148
\Fld@menulength=\count277
\Field@Width=\dimen149
\Fld@charsize=\dimen150
Package hyperref Info: Hyper figures OFF on input line 6411.
Package hyperref Info: Link nesting OFF on input line 6416.
Package hyperref Info: Hyper index ON on input line 6419.
Package hyperref Info: backreferencing OFF on input line 6426.
Package hyperref Info: Link coloring OFF on input line 6431.
Package hyperref Info: Link coloring with OCG OFF on input line 6436.
Package hyperref Info: PDF/A mode OFF on input line 6441.
LaTeX Info: Redefining \ref on input line 6481.
LaTeX Info: Redefining \pageref on input line 6485.
\Hy@abspage=\count278
\c@Item=\count279
\c@Hfootnote=\count280
)
Package hyperref Info: Driver (autodetected): hxetex.

(c:/Users/franj/AppData/Roaming/TinyTeX/texmf-dist/tex/latex/hyperref/hxetex.de
f
File: hxetex.def 2019/09/12 v6.88i Hyperref driver for XeTeX

(c:/Users/franj/AppData/Roaming/TinyTeX/texmf-dist/tex/latex/hyperref/puenc.def
File: puenc.def 2019/09/12 v6.88i Hyperref: PDF Unicode definition (HO)
)
(c:/Users/franj/AppData/Roaming/TinyTeX/texmf-dist/tex/generic/oberdiek/stringe
nc.sty
Package: stringenc 2016/05/16 v1.11 Convert strings between diff. encodings (HO
)
)
\pdfm@box=\box48
\c@Hy@AnnotLevel=\count281
\HyField@AnnotCount=\count282
\Fld@listcount=\count283
\c@bookmark@seq@number=\count284

(c:/Users/franj/AppData/Roaming/TinyTeX/texmf-dist/tex/latex/oberdiek/rerunfile
check.sty
Package: rerunfilecheck 2016/05/16 v1.8 Rerun checks for auxiliary files (HO)
Package uniquecounter Info: New unique counter `rerunfilecheck' on input line 2
82.
)
\Hy@SectionHShift=\skip52
)
Package hyperref Info: Option `unicode' set `true' on input line 29.

(c:/Users/franj/AppData/Roaming/TinyTeX/texmf-dist/tex/generic/oberdiek/se-asci
i-print.def
File: se-ascii-print.def 2016/05/16 v1.11 stringenc: Printable ASCII characters

)
Package hyperref Info: Option `breaklinks' set `true' on input line 29.
(c:/Users/franj/AppData/Roaming/TinyTeX/texmf-dist/tex/latex/natbib/natbib.sty
Package: natbib 2010/09/13 8.31b (PWD, AO)
\bibhang=\skip53
\bibsep=\skip54
LaTeX Info: Redefining \cite on input line 694.
\c@NAT@ctr=\count285
)
(c:/Users/franj/AppData/Roaming/TinyTeX/texmf-dist/tex/latex/graphics/color.sty
Package: color 2016/07/10 v1.1e Standard LaTeX Color (DPC)

(c:/Users/franj/AppData/Roaming/TinyTeX/texmf-dist/tex/latex/graphics-cfg/color
.cfg
File: color.cfg 2016/01/02 v1.6 sample color configuration
)
Package color Info: Driver file: xetex.def on input line 147.

(c:/Users/franj/AppData/Roaming/TinyTeX/texmf-dist/tex/latex/graphics-def/xetex
.def
File: xetex.def 2017/06/24 v5.0h Graphics/color driver for xetex
))
(c:/Users/franj/AppData/Roaming/TinyTeX/texmf-dist/tex/latex/fancyvrb/fancyvrb.
sty
Package: fancyvrb 2019/01/15
Style option: `fancyvrb' v3.2a <2019/01/15> (tvz)
\FV@CodeLineNo=\count286
\FV@InFile=\read2
\FV@TabBox=\box49
\c@FancyVerbLine=\count287
\FV@StepNumber=\count288
\FV@OutFile=\write3
) (c:/Users/franj/AppData/Roaming/TinyTeX/texmf-dist/tex/latex/framed/framed.st
y
Package: framed 2011/10/22 v 0.96: framed or shaded text with page breaks
\OuterFrameSep=\skip55
\fb@frw=\dimen151
\fb@frh=\dimen152
\FrameRule=\dimen153
\FrameSep=\dimen154
)
(c:/Users/franj/AppData/Roaming/TinyTeX/texmf-dist/tex/latex/tools/longtable.st
y
Package: longtable 2014/10/28 v4.11 Multi-page Table package (DPC)+ FMi change
\LTleft=\skip56
\LTright=\skip57
\LTpre=\skip58
\LTpost=\skip59
\LTchunksize=\count289
\LTcapwidth=\dimen155
\LT@head=\box50
\LT@firsthead=\box51
\LT@foot=\box52
\LT@lastfoot=\box53
\LT@cols=\count290
\LT@rows=\count291
\c@LT@tables=\count292
\c@LT@chunks=\count293
\LT@p@ftn=\toks22
)
(c:/Users/franj/AppData/Roaming/TinyTeX/texmf-dist/tex/latex/booktabs/booktabs.
sty
Package: booktabs 2016/04/27 v1.618033 publication quality tables
\heavyrulewidth=\dimen156
\lightrulewidth=\dimen157
\cmidrulewidth=\dimen158
\belowrulesep=\dimen159
\belowbottomsep=\dimen160
\aboverulesep=\dimen161
\abovetopsep=\dimen162
\cmidrulesep=\dimen163
\cmidrulekern=\dimen164
\defaultaddspace=\dimen165
\@cmidla=\count294
\@cmidlb=\count295
\@aboverulesep=\dimen166
\@belowrulesep=\dimen167
\@thisruleclass=\count296
\@lastruleclass=\count297
\@thisrulewidth=\dimen168
)
(c:/Users/franj/AppData/Roaming/TinyTeX/texmf-dist/tex/latex/graphics/graphicx.
sty
Package: graphicx 2017/06/01 v1.1a Enhanced LaTeX Graphics (DPC,SPQR)

(c:/Users/franj/AppData/Roaming/TinyTeX/texmf-dist/tex/latex/graphics/graphics.
sty
Package: graphics 2017/06/25 v1.2c Standard LaTeX Graphics (DPC,SPQR)
(c:/Users/franj/AppData/Roaming/TinyTeX/texmf-dist/tex/latex/graphics/trig.sty
Package: trig 2016/01/03 v1.10 sin cos tan (DPC)
)
(c:/Users/franj/AppData/Roaming/TinyTeX/texmf-dist/tex/latex/graphics-cfg/graph
ics.cfg
File: graphics.cfg 2016/06/04 v1.11 sample graphics configuration
)
Package graphics Info: Driver file: xetex.def on input line 99.
)
\Gin@req@height=\dimen169
\Gin@req@width=\dimen170
)
(c:/Users/franj/AppData/Roaming/TinyTeX/texmf-dist/tex/latex/oberdiek/grffile.s
ty
Package: grffile 2017/06/30 v1.18 Extended file name support for graphics (HO)
Package grffile Info: Option `multidot' is set to `true'.
Package grffile Info: Option `extendedchars' is set to `false'.
Package grffile Info: Option `space' is set to `true'.
Package grffile Info: \Gin@ii of package `graphicx' fixed on input line 494.
)
(c:/Users/franj/AppData/Roaming/TinyTeX/texmf-dist/tex/latex/titling/titling.st
y
Package: titling 2009/09/04 v2.1d maketitle typesetting
\thanksmarkwidth=\skip60
\thanksmargin=\skip61
\droptitle=\skip62
) (./guia_me.aux)
\openout1 = `guia_me.aux'.

LaTeX Font Info:    Checking defaults for OML/cmm/m/it on input line 131.
LaTeX Font Info:    ... okay on input line 131.
LaTeX Font Info:    Checking defaults for T1/cmr/m/n on input line 131.
LaTeX Font Info:    ... okay on input line 131.
LaTeX Font Info:    Checking defaults for OT1/cmr/m/n on input line 131.
LaTeX Font Info:    ... okay on input line 131.
LaTeX Font Info:    Checking defaults for OMS/cmsy/m/n on input line 131.
LaTeX Font Info:    ... okay on input line 131.
LaTeX Font Info:    Checking defaults for TU/lmr/m/n on input line 131.
LaTeX Font Info:    ... okay on input line 131.
LaTeX Font Info:    Checking defaults for OMX/cmex/m/n on input line 131.
LaTeX Font Info:    ... okay on input line 131.
LaTeX Font Info:    Checking defaults for U/cmr/m/n on input line 131.
LaTeX Font Info:    ... okay on input line 131.
LaTeX Font Info:    Checking defaults for TS1/cmr/m/n on input line 131.
LaTeX Font Info:    Try loading font information for TS1+cmr on input line 131.

(c:/Users/franj/AppData/Roaming/TinyTeX/texmf-dist/tex/latex/base/ts1cmr.fd
File: ts1cmr.fd 2014/09/29 v2.5h Standard LaTeX font definitions
)
LaTeX Font Info:    ... okay on input line 131.
LaTeX Font Info:    Checking defaults for PD1/pdf/m/n on input line 131.
LaTeX Font Info:    ... okay on input line 131.
LaTeX Font Info:    Checking defaults for PU/pdf/m/n on input line 131.
LaTeX Font Info:    ... okay on input line 131.
\AtBeginShipoutBox=\box54
Package hyperref Info: Link coloring OFF on input line 131.

(c:/Users/franj/AppData/Roaming/TinyTeX/texmf-dist/tex/latex/hyperref/nameref.s
ty
Package: nameref 2019/09/12 v2.45 Cross-referencing by name of section

(c:/Users/franj/AppData/Roaming/TinyTeX/texmf-dist/tex/generic/oberdiek/gettitl
estring.sty
Package: gettitlestring 2016/05/16 v1.5 Cleanup title references (HO)
)
\c@section@level=\count298
)
LaTeX Info: Redefining \ref on input line 131.
LaTeX Info: Redefining \pageref on input line 131.
LaTeX Info: Redefining \nameref on input line 131.
(./guia_me.out) (./guia_me.out)
\@outlinefile=\write4
\openout4 = `guia_me.out'.

[1


] [2

] (./guia_me.toc
LaTeX Font Info:    Try loading font information for OT1+lmr on input line 3.
(c:/Users/franj/AppData/Roaming/TinyTeX/texmf-dist/tex/latex/lm/ot1lmr.fd
File: ot1lmr.fd 2009/10/30 v1.6 Font defs for Latin Modern
)
LaTeX Font Info:    Try loading font information for OML+lmm on input line 3.
(c:/Users/franj/AppData/Roaming/TinyTeX/texmf-dist/tex/latex/lm/omllmm.fd
File: omllmm.fd 2009/10/30 v1.6 Font defs for Latin Modern
)
LaTeX Font Info:    Try loading font information for OMS+lmsy on input line 3.
(c:/Users/franj/AppData/Roaming/TinyTeX/texmf-dist/tex/latex/lm/omslmsy.fd
File: omslmsy.fd 2009/10/30 v1.6 Font defs for Latin Modern
)
LaTeX Font Info:    Try loading font information for OMX+lmex on input line 3.
(c:/Users/franj/AppData/Roaming/TinyTeX/texmf-dist/tex/latex/lm/omxlmex.fd
File: omxlmex.fd 2009/10/30 v1.6 Font defs for Latin Modern
)
LaTeX Font Info:    External font `lmex10' loaded for size
(Font)              <10> on input line 3.
LaTeX Font Info:    External font `lmex10' loaded for size
(Font)              <7> on input line 3.
LaTeX Font Info:    External font `lmex10' loaded for size
(Font)              <5> on input line 3.
LaTeX Font Info:    Try loading font information for U+msa on input line 3.
(c:/Users/franj/AppData/Roaming/TinyTeX/texmf-dist/tex/latex/amsfonts/umsa.fd
File: umsa.fd 2013/01/14 v3.01 AMS symbols A
)
LaTeX Font Info:    Try loading font information for U+msb on input line 3.
(c:/Users/franj/AppData/Roaming/TinyTeX/texmf-dist/tex/latex/amsfonts/umsb.fd
File: umsb.fd 2013/01/14 v3.01 AMS symbols B
))
\tf@toc=\write5
\openout5 = `guia_me.toc'.

[3] [4

] [5] [6

]
Chapter 1.
[7]
Underfull \hbox (badness 10000) in paragraph at lines 197--198

 []


Underfull \hbox (badness 10000) in paragraph at lines 204--206

 []


Underfull \hbox (badness 10000) in paragraph at lines 206--208

 []

[8]
LaTeX Font Info:    Font shape `TU/lmtt/bx/n' in size <10> not available
(Font)              Font shape `TU/lmtt/b/n' tried instead on input line 275.
[9] [10] [11]
Underfull \hbox (badness 10000) in paragraph at lines 462--463

 []


Overfull \hbox (1010.38pt too wide) in paragraph at lines 464--465
[]\TU/lmr/m/n/10 eyJsYW5ndWFnZSI6InIiLCJzYW1wbGUiOiJ2ZWN0b3IxPC1jKDEsNSw3KVxudm
VjdG9yMjwtYyhcImNlcmV6b1wiLFwicGVyYWxcIixcInZpZFwiKSBcblxuI2dlbmVyYXIgdmVjdG9yI
GxsYW1hZG8gdmVjdG9yMyBhIHBhcnRpciBkZSBsb3MgZG9zIHZlY3RvcmVzIGFudGVyaW9ybWVudGUg
Y3JlYWRvcyJ9 
 []

[12]

Package natbib Warning: Citation `R-bookdown' on page 13 undefined on input lin
e 529.

[13] [14

]
Chapter 2.
[15] [16] [17] [18] [19] [20]
Chapter 3.

Underfull \hbox (badness 1303) in paragraph at lines 863--864
[]\TU/lmr/m/n/10 Una base de datos se puede definir como un conjunto de informa
ción
 []

[21

] [22]
Overfull \hbox (48.75pt too wide) in paragraph at lines 970--970
[]\TU/lmtt/m/n/10 ##  $ Cultivo      : Factor w/ 1 level "Arandanos": 1 1 1 1 1
 1 1 1 1 1 ...[] 
 []


Overfull \hbox (132.75pt too wide) in paragraph at lines 970--970
[]\TU/lmtt/m/n/10 ##  $ Region       : Factor w/ 4 levels "BioBio","La_Araucani
a",..: 4 4 4 4 4 4 4 4 4 4 ...[] 
 []


Overfull \hbox (43.5pt too wide) in paragraph at lines 970--970
[]\TU/lmtt/m/n/10 ##  $ Variedad     : Factor w/ 2 levels "V1","V2": 1 1 1 1 1 
1 1 1 1 1 ...[] 
 []


Overfull \hbox (59.25pt too wide) in paragraph at lines 970--970
[]\TU/lmtt/m/n/10 ##  $ Temperatura  : num  16.8 16.9 15 15.7 15.1 15.9 16.1 15
.6 17.4 14.7 ...[] 
 []


Overfull \hbox (122.25pt too wide) in paragraph at lines 970--970
[]\TU/lmtt/m/n/10 ##  $ costo_jh     : int  13059 13026 12933 13027 13045 12949
 13002 12968 12978 13056 ...[] 
 []


Overfull \hbox (59.25pt too wide) in paragraph at lines 970--970
[]\TU/lmtt/m/n/10 ##  $ Perdida_plaga: num  35.1 34.3 31.7 40.5 35.6 33 38.1 37
.9 34.8 34.4 ...[] 
 []


Overfull \hbox (69.75pt too wide) in paragraph at lines 970--970
[]\TU/lmtt/m/n/10 ##  $ mano_de_obra : int  3080 2728 3120 3135 3276 2966 2725 
2874 2785 3193 ...[] 
 []

[23]
Overfull \hbox (48.75pt too wide) in paragraph at lines 1042--1042
[]\TU/lmtt/m/n/10 ##     Cultivo   Region Variedad Hectareas Temperatura costo_
jh rendimiento[] 
 []


Overfull \hbox (48.75pt too wide) in paragraph at lines 1042--1042
[]\TU/lmtt/m/n/10 ## 1 Arandanos Ohiggins       V1    1029.9        16.8    130
59      6866.5[] 
 []


Overfull \hbox (48.75pt too wide) in paragraph at lines 1042--1042
[]\TU/lmtt/m/n/10 ## 2 Arandanos Ohiggins       V1     998.9        16.9    130
26      7122.1[] 
 []


Overfull \hbox (48.75pt too wide) in paragraph at lines 1042--1042
[]\TU/lmtt/m/n/10 ## 3 Arandanos Ohiggins       V1    1117.8        15.0    129
33      7041.2[] 
 []


Overfull \hbox (48.75pt too wide) in paragraph at lines 1042--1042
[]\TU/lmtt/m/n/10 ## 4 Arandanos Ohiggins       V1    1007.2        15.7    130
27      6891.5[] 
 []


Overfull \hbox (48.75pt too wide) in paragraph at lines 1042--1042
[]\TU/lmtt/m/n/10 ## 5 Arandanos Ohiggins       V1    1077.6        15.1    130
45      6927.7[] 
 []


Overfull \hbox (48.75pt too wide) in paragraph at lines 1042--1042
[]\TU/lmtt/m/n/10 ## 6 Arandanos Ohiggins       V1    1091.3        15.9    129
49      6900.4[] 
 []

[24]
Overfull \hbox (54.0pt too wide) in paragraph at lines 1075--1075
[]\TU/lmtt/m/n/10 ##      Cultivo   Region Variedad Hectareas Temperatura costo
_jh rendimiento[] 
 []


Overfull \hbox (54.0pt too wide) in paragraph at lines 1075--1075
[]\TU/lmtt/m/n/10 ## 1  Arandanos Ohiggins       V1    1029.9        16.8    13
059      6866.5[] 
 []


Overfull \hbox (54.0pt too wide) in paragraph at lines 1075--1075
[]\TU/lmtt/m/n/10 ## 2  Arandanos Ohiggins       V1     998.9        16.9    13
026      7122.1[] 
 []


Overfull \hbox (54.0pt too wide) in paragraph at lines 1075--1075
[]\TU/lmtt/m/n/10 ## 3  Arandanos Ohiggins       V1    1117.8        15.0    12
933      7041.2[] 
 []


Overfull \hbox (54.0pt too wide) in paragraph at lines 1075--1075
[]\TU/lmtt/m/n/10 ## 4  Arandanos Ohiggins       V1    1007.2        15.7    13
027      6891.5[] 
 []


Overfull \hbox (54.0pt too wide) in paragraph at lines 1075--1075
[]\TU/lmtt/m/n/10 ## 5  Arandanos Ohiggins       V1    1077.6        15.1    13
045      6927.7[] 
 []


Overfull \hbox (54.0pt too wide) in paragraph at lines 1075--1075
[]\TU/lmtt/m/n/10 ## 6  Arandanos Ohiggins       V1    1091.3        15.9    12
949      6900.4[] 
 []


Overfull \hbox (54.0pt too wide) in paragraph at lines 1075--1075
[]\TU/lmtt/m/n/10 ## 7  Arandanos Ohiggins       V1    1188.9        16.1    13
002      6943.9[] 
 []


Overfull \hbox (54.0pt too wide) in paragraph at lines 1075--1075
[]\TU/lmtt/m/n/10 ## 8  Arandanos Ohiggins       V1    1111.6        15.6    12
968      6885.7[] 
 []


Overfull \hbox (54.0pt too wide) in paragraph at lines 1075--1075
[]\TU/lmtt/m/n/10 ## 9  Arandanos Ohiggins       V1    1028.8        17.4    12
978      6724.3[] 
 []


Overfull \hbox (54.0pt too wide) in paragraph at lines 1075--1075
[]\TU/lmtt/m/n/10 ## 10 Arandanos Ohiggins       V1    1124.2        14.7    13
056      6920.4[] 
 []


Overfull \hbox (17.25pt too wide) in paragraph at lines 1101--1101
[]\TU/lmtt/m/n/10 ##       Cultivo       Region Variedad Hectareas Temperatura 
costo_jh[] 
 []


Overfull \hbox (17.25pt too wide) in paragraph at lines 1101--1101
[]\TU/lmtt/m/n/10 ## 115 Arandanos La_Araucania       V2    1857.6        11.1 
   11974[] 
 []


Overfull \hbox (17.25pt too wide) in paragraph at lines 1101--1101
[]\TU/lmtt/m/n/10 ## 116 Arandanos La_Araucania       V2    1862.7        11.6 
   11960[] 
 []


Overfull \hbox (17.25pt too wide) in paragraph at lines 1101--1101
[]\TU/lmtt/m/n/10 ## 117 Arandanos La_Araucania       V2    1894.5        10.6 
   12023[] 
 []


Overfull \hbox (17.25pt too wide) in paragraph at lines 1101--1101
[]\TU/lmtt/m/n/10 ## 118 Arandanos La_Araucania       V2    1873.5        11.1 
   11971[] 
 []


Overfull \hbox (17.25pt too wide) in paragraph at lines 1101--1101
[]\TU/lmtt/m/n/10 ## 119 Arandanos La_Araucania       V2    1915.4        11.5 
   12065[] 
 []


Overfull \hbox (17.25pt too wide) in paragraph at lines 1101--1101
[]\TU/lmtt/m/n/10 ## 120 Arandanos La_Araucania       V2    1932.1        13.5 
   12084[] 
 []

[25]
Overfull \hbox (1.5pt too wide) in paragraph at lines 1116--1116
[]\TU/lmtt/m/n/10 ## [1] "Cultivo"       "Region"        "Variedad"      "Hecta
reas"[] 
 []


Overfull \hbox (22.5pt too wide) in paragraph at lines 1116--1116
[]\TU/lmtt/m/n/10 ## [5] "Temperatura"   "costo_jh"      "rendimiento"   "Perdi
da_plaga"[] 
 []

[26] [27] [28] [29]
Overfull \hbox (12.0pt too wide) in paragraph at lines 1550--1550
[]\TU/lmtt/m/n/10 ##       Cultivo Variedad Hectareas Temperatura costo_jh rend
imiento[] 
 []


Overfull \hbox (12.0pt too wide) in paragraph at lines 1550--1550
[]\TU/lmtt/m/n/10 ## 1   Arandanos       V1    1029.9        16.8    13059     
 6866.5[] 
 []


Overfull \hbox (12.0pt too wide) in paragraph at lines 1550--1550
[]\TU/lmtt/m/n/10 ## 2   Arandanos       V1     998.9        16.9    13026     
 7122.1[] 
 []


Overfull \hbox (12.0pt too wide) in paragraph at lines 1550--1550
[]\TU/lmtt/m/n/10 ## 3   Arandanos       V1    1117.8        15.0    12933     
 7041.2[] 
 []


Overfull \hbox (12.0pt too wide) in paragraph at lines 1550--1550
[]\TU/lmtt/m/n/10 ## 4   Arandanos       V1    1007.2        15.7    13027     
 6891.5[] 
 []


Overfull \hbox (12.0pt too wide) in paragraph at lines 1550--1550
[]\TU/lmtt/m/n/10 ## 5   Arandanos       V1    1077.6        15.1    13045     
 6927.7[] 
 []


Overfull \hbox (12.0pt too wide) in paragraph at lines 1550--1550
[]\TU/lmtt/m/n/10 ## 6   Arandanos       V1    1091.3        15.9    12949     
 6900.4[] 
 []


Overfull \hbox (12.0pt too wide) in paragraph at lines 1550--1550
[]\TU/lmtt/m/n/10 ## 7   Arandanos       V1    1188.9        16.1    13002     
 6943.9[] 
 []


Overfull \hbox (12.0pt too wide) in paragraph at lines 1550--1550
[]\TU/lmtt/m/n/10 ## 8   Arandanos       V1    1111.6        15.6    12968     
 6885.7[] 
 []


Overfull \hbox (12.0pt too wide) in paragraph at lines 1550--1550
[]\TU/lmtt/m/n/10 ## 9   Arandanos       V1    1028.8        17.4    12978     
 6724.3[] 
 []


Overfull \hbox (12.0pt too wide) in paragraph at lines 1550--1550
[]\TU/lmtt/m/n/10 ## 10  Arandanos       V1    1124.2        14.7    13056     
 6920.4[] 
 []


Overfull \hbox (12.0pt too wide) in paragraph at lines 1550--1550
[]\TU/lmtt/m/n/10 ## 11  Arandanos       V1    1106.5        15.9    13056     
 7056.9[] 
 []


Overfull \hbox (12.0pt too wide) in paragraph at lines 1550--1550
[]\TU/lmtt/m/n/10 ## 12  Arandanos       V1    1000.6        15.4    13077     
 6898.6[] 
 []


Overfull \hbox (12.0pt too wide) in paragraph at lines 1550--1550
[]\TU/lmtt/m/n/10 ## 13  Arandanos       V1    1101.0        16.5    12993     
 6797.2[] 
 []


Overfull \hbox (12.0pt too wide) in paragraph at lines 1550--1550
[]\TU/lmtt/m/n/10 ## 14  Arandanos       V1    1113.9        14.0    12975     
 6858.2[] 
 []


Overfull \hbox (12.0pt too wide) in paragraph at lines 1550--1550
[]\TU/lmtt/m/n/10 ## 15  Arandanos       V1    1159.9        14.7    13003     
 7064.3[] 
 []


Overfull \hbox (12.0pt too wide) in paragraph at lines 1550--1550
[]\TU/lmtt/m/n/10 ## 16  Arandanos       V2    1110.8        14.3    12970     
 7028.4[] 
 []


Overfull \hbox (12.0pt too wide) in paragraph at lines 1550--1550
[]\TU/lmtt/m/n/10 ## 17  Arandanos       V2    1091.4        13.7    13003     
 7127.7[] 
 []


Overfull \hbox (12.0pt too wide) in paragraph at lines 1550--1550
[]\TU/lmtt/m/n/10 ## 18  Arandanos       V2    1173.8        15.7    12994     
 7247.3[] 
 []


Overfull \hbox (12.0pt too wide) in paragraph at lines 1550--1550
[]\TU/lmtt/m/n/10 ## 19  Arandanos       V2    1034.9        15.1    13033     
 6896.8[] 
 []


Overfull \hbox (12.0pt too wide) in paragraph at lines 1550--1550
[]\TU/lmtt/m/n/10 ## 20  Arandanos       V2    1081.7        14.3    13107     
 6927.3[] 
 []


Overfull \hbox (12.0pt too wide) in paragraph at lines 1550--1550
[]\TU/lmtt/m/n/10 ## 21  Arandanos       V2    1120.4        14.8    13013     
 6893.3[] 
 []


Overfull \hbox (12.0pt too wide) in paragraph at lines 1550--1550
[]\TU/lmtt/m/n/10 ## 22  Arandanos       V2    1054.0        16.9    12998     
 6929.0[] 
 []


Overfull \hbox (12.0pt too wide) in paragraph at lines 1550--1550
[]\TU/lmtt/m/n/10 ## 23  Arandanos       V2    1099.7        15.0    12895     
 7237.8[] 
 []


Overfull \hbox (12.0pt too wide) in paragraph at lines 1550--1550
[]\TU/lmtt/m/n/10 ## 24  Arandanos       V2    1083.0        15.2    12991     
 6964.5[] 
 []


Overfull \hbox (12.0pt too wide) in paragraph at lines 1550--1550
[]\TU/lmtt/m/n/10 ## 25  Arandanos       V2    1063.7        15.3    12969     
 6776.9[] 
 []


Overfull \hbox (12.0pt too wide) in paragraph at lines 1550--1550
[]\TU/lmtt/m/n/10 ## 26  Arandanos       V2    1097.1        13.5    13055     
 7017.3[] 
 []


Overfull \hbox (12.0pt too wide) in paragraph at lines 1550--1550
[]\TU/lmtt/m/n/10 ## 27  Arandanos       V2    1132.5        14.9    13005     
 7080.4[] 
 []


Overfull \hbox (12.0pt too wide) in paragraph at lines 1550--1550
[]\TU/lmtt/m/n/10 ## 28  Arandanos       V2    1086.0        14.4    12988     
 7171.5[] 
 []


Overfull \hbox (12.0pt too wide) in paragraph at lines 1550--1550
[]\TU/lmtt/m/n/10 ## 29  Arandanos       V2    1035.5        12.5    12920     
 7246.0[] 
 []


Overfull \hbox (12.0pt too wide) in paragraph at lines 1550--1550
[]\TU/lmtt/m/n/10 ## 30  Arandanos       V2    1110.5        16.4    12936     
 6928.1[] 
 []


Overfull \hbox (12.0pt too wide) in paragraph at lines 1550--1550
[]\TU/lmtt/m/n/10 ## 31  Arandanos       V1    3750.2        15.6    12968     
 5931.1[] 
 []


Overfull \hbox (12.0pt too wide) in paragraph at lines 1550--1550
[]\TU/lmtt/m/n/10 ## 32  Arandanos       V1    3668.7        11.6    13013     
 6076.3[] 
 []


Overfull \hbox (12.0pt too wide) in paragraph at lines 1550--1550
[]\TU/lmtt/m/n/10 ## 33  Arandanos       V1    3586.2        15.8    13007     
 6005.6[] 
 []


Overfull \hbox (12.0pt too wide) in paragraph at lines 1550--1550
[]\TU/lmtt/m/n/10 ## 34  Arandanos       V1    3678.0        15.0    13033     
 5964.3[] 
 []


Overfull \hbox (12.0pt too wide) in paragraph at lines 1550--1550
[]\TU/lmtt/m/n/10 ## 35  Arandanos       V1    3729.1        12.5    13057     
 6003.4[] 
 []


Overfull \hbox (12.0pt too wide) in paragraph at lines 1550--1550
[]\TU/lmtt/m/n/10 ## 36  Arandanos       V1    3709.2        15.9    13039     
 6026.0[] 
 []


Overfull \hbox (12.0pt too wide) in paragraph at lines 1550--1550
[]\TU/lmtt/m/n/10 ## 37  Arandanos       V1    3636.3        15.6    12961     
 5973.5[] 
 []

[30]
Overfull \hbox (12.0pt too wide) in paragraph at lines 1550--1550
[]\TU/lmtt/m/n/10 ## 38  Arandanos       V1    3749.6        13.7    13023     
 6046.6[] 
 []


Overfull \hbox (12.0pt too wide) in paragraph at lines 1550--1550
[]\TU/lmtt/m/n/10 ## 39  Arandanos       V1    3644.6        12.5    12985     
 5960.2[] 
 []


Overfull \hbox (12.0pt too wide) in paragraph at lines 1550--1550
[]\TU/lmtt/m/n/10 ## 40  Arandanos       V1    3634.6        14.5    13041     
 6011.1[] 
 []


Overfull \hbox (12.0pt too wide) in paragraph at lines 1550--1550
[]\TU/lmtt/m/n/10 ## 41  Arandanos       V1    3649.5        15.1    12942     
 6012.2[] 
 []


Overfull \hbox (12.0pt too wide) in paragraph at lines 1550--1550
[]\TU/lmtt/m/n/10 ## 42  Arandanos       V1    3788.0        13.7    13121     
 6100.5[] 
 []


Overfull \hbox (12.0pt too wide) in paragraph at lines 1550--1550
[]\TU/lmtt/m/n/10 ## 43  Arandanos       V1    3699.9        15.9    12945     
 5932.6[] 
 []


Overfull \hbox (12.0pt too wide) in paragraph at lines 1550--1550
[]\TU/lmtt/m/n/10 ## 44  Arandanos       V1    3718.2        14.0    12967     
 5876.5[] 
 []


Overfull \hbox (12.0pt too wide) in paragraph at lines 1550--1550
[]\TU/lmtt/m/n/10 ## 45  Arandanos       V1    3645.8        13.2    13098     
 5745.2[] 
 []


Overfull \hbox (12.0pt too wide) in paragraph at lines 1550--1550
[]\TU/lmtt/m/n/10 ## 46  Arandanos       V2    3699.5        14.0    13065     
 5890.1[] 
 []


Overfull \hbox (12.0pt too wide) in paragraph at lines 1550--1550
[]\TU/lmtt/m/n/10 ## 47  Arandanos       V2    3627.4        13.5    13008     
 6078.3[] 
 []


Overfull \hbox (12.0pt too wide) in paragraph at lines 1550--1550
[]\TU/lmtt/m/n/10 ## 48  Arandanos       V2    3685.2        16.8    13088     
 6062.3[] 
 []


Overfull \hbox (12.0pt too wide) in paragraph at lines 1550--1550
[]\TU/lmtt/m/n/10 ## 49  Arandanos       V2    3770.5        14.5    13034     
 5852.9[] 
 []


Overfull \hbox (12.0pt too wide) in paragraph at lines 1550--1550
[]\TU/lmtt/m/n/10 ## 50  Arandanos       V2    3711.1        15.5    13064     
 6016.7[] 
 []


Overfull \hbox (12.0pt too wide) in paragraph at lines 1550--1550
[]\TU/lmtt/m/n/10 ## 51  Arandanos       V2    3758.2        13.7    12975     
 6112.8[] 
 []


Overfull \hbox (12.0pt too wide) in paragraph at lines 1550--1550
[]\TU/lmtt/m/n/10 ## 52  Arandanos       V2    3685.5        12.7    13087     
 6032.1[] 
 []


Overfull \hbox (12.0pt too wide) in paragraph at lines 1550--1550
[]\TU/lmtt/m/n/10 ## 53  Arandanos       V2    3619.6        13.5    12902     
 6139.0[] 
 []


Overfull \hbox (12.0pt too wide) in paragraph at lines 1550--1550
[]\TU/lmtt/m/n/10 ## 54  Arandanos       V2    3724.8        14.7    12974     
 6008.3[] 
 []


Overfull \hbox (12.0pt too wide) in paragraph at lines 1550--1550
[]\TU/lmtt/m/n/10 ## 55  Arandanos       V2    3735.7        13.5    12976     
 5936.0[] 
 []


Overfull \hbox (12.0pt too wide) in paragraph at lines 1550--1550
[]\TU/lmtt/m/n/10 ## 56  Arandanos       V2    3672.5        15.1    12937     
 5929.8[] 
 []


Overfull \hbox (12.0pt too wide) in paragraph at lines 1550--1550
[]\TU/lmtt/m/n/10 ## 57  Arandanos       V2    3657.3        15.3    12946     
 6036.1[] 
 []


Overfull \hbox (12.0pt too wide) in paragraph at lines 1550--1550
[]\TU/lmtt/m/n/10 ## 58  Arandanos       V2    3657.9        13.4    12963     
 6084.7[] 
 []


Overfull \hbox (12.0pt too wide) in paragraph at lines 1550--1550
[]\TU/lmtt/m/n/10 ## 59  Arandanos       V2    3721.7        15.8    12955     
 5848.1[] 
 []


Overfull \hbox (12.0pt too wide) in paragraph at lines 1550--1550
[]\TU/lmtt/m/n/10 ## 60  Arandanos       V2    3762.6        16.2    13059     
 6125.2[] 
 []


Overfull \hbox (12.0pt too wide) in paragraph at lines 1550--1550
[]\TU/lmtt/m/n/10 ## 61  Arandanos       V1    1642.1        13.5    12018     
 4957.5[] 
 []


Overfull \hbox (12.0pt too wide) in paragraph at lines 1550--1550
[]\TU/lmtt/m/n/10 ## 62  Arandanos       V1    1823.2        13.6    12051     
 5025.6[] 
 []


Overfull \hbox (12.0pt too wide) in paragraph at lines 1550--1550
[]\TU/lmtt/m/n/10 ## 63  Arandanos       V1    1801.9        12.4    12004     
 5118.6[] 
 []


Overfull \hbox (12.0pt too wide) in paragraph at lines 1550--1550
[]\TU/lmtt/m/n/10 ## 64  Arandanos       V1    1742.7        12.6    12005     
 4980.2[] 
 []


Overfull \hbox (12.0pt too wide) in paragraph at lines 1550--1550
[]\TU/lmtt/m/n/10 ## 65  Arandanos       V1    1731.6        13.8    12069     
 5024.6[] 
 []


Overfull \hbox (12.0pt too wide) in paragraph at lines 1550--1550
[]\TU/lmtt/m/n/10 ## 66  Arandanos       V1    1601.4        11.7    11906     
 5007.0[] 
 []


Overfull \hbox (12.0pt too wide) in paragraph at lines 1550--1550
[]\TU/lmtt/m/n/10 ## 67  Arandanos       V1    1793.8        13.9    11901     
 4825.8[] 
 []


Overfull \hbox (12.0pt too wide) in paragraph at lines 1550--1550
[]\TU/lmtt/m/n/10 ## 68  Arandanos       V1    1766.3        14.1    11962     
 5164.7[] 
 []


Overfull \hbox (12.0pt too wide) in paragraph at lines 1550--1550
[]\TU/lmtt/m/n/10 ## 69  Arandanos       V1    1793.7        14.8    11989     
 4767.4[] 
 []


Overfull \hbox (12.0pt too wide) in paragraph at lines 1550--1550
[]\TU/lmtt/m/n/10 ## 70  Arandanos       V1    1742.0        11.5    11988     
 5013.5[] 
 []


Overfull \hbox (12.0pt too wide) in paragraph at lines 1550--1550
[]\TU/lmtt/m/n/10 ## 71  Arandanos       V1    1656.7        14.0    11976     
 5013.0[] 
 []


Overfull \hbox (12.0pt too wide) in paragraph at lines 1550--1550
[]\TU/lmtt/m/n/10 ## 72  Arandanos       V1    1659.9        14.8    12014     
 5102.8[] 
 []


Overfull \hbox (12.0pt too wide) in paragraph at lines 1550--1550
[]\TU/lmtt/m/n/10 ## 73  Arandanos       V1    1573.9        14.9    12083     
 4924.8[] 
 []


Overfull \hbox (12.0pt too wide) in paragraph at lines 1550--1550
[]\TU/lmtt/m/n/10 ## 74  Arandanos       V1    1781.8        13.4    11997     
 5061.5[] 
 []


Overfull \hbox (12.0pt too wide) in paragraph at lines 1550--1550
[]\TU/lmtt/m/n/10 ## 75  Arandanos       V1    1724.4        12.5    11893     
 4892.4[] 
 []


Overfull \hbox (12.0pt too wide) in paragraph at lines 1550--1550
[]\TU/lmtt/m/n/10 ## 76  Arandanos       V2    1800.3        13.9    11927     
 5129.7[] 
 []


Overfull \hbox (12.0pt too wide) in paragraph at lines 1550--1550
[]\TU/lmtt/m/n/10 ## 77  Arandanos       V2    1683.0        11.9    12046     
 5115.4[] 
 []


Overfull \hbox (12.0pt too wide) in paragraph at lines 1550--1550
[]\TU/lmtt/m/n/10 ## 78  Arandanos       V2    1733.9        13.3    11993     
 4992.5[] 
 []


Overfull \hbox (12.0pt too wide) in paragraph at lines 1550--1550
[]\TU/lmtt/m/n/10 ## 79  Arandanos       V2    1803.5        13.7    11900     
 4962.0[] 
 []


Overfull \hbox (12.0pt too wide) in paragraph at lines 1550--1550
[]\TU/lmtt/m/n/10 ## 80  Arandanos       V2    1679.8        14.8    11987     
 4905.3[] 
 []


Overfull \hbox (12.0pt too wide) in paragraph at lines 1550--1550
[]\TU/lmtt/m/n/10 ## 81  Arandanos       V2    1743.7        15.2    12005     
 5037.2[] 
 []


Overfull \hbox (12.0pt too wide) in paragraph at lines 1550--1550
[]\TU/lmtt/m/n/10 ## 82  Arandanos       V2    1664.5        14.8    11906     
 5107.2[] 
 []

[31]
Overfull \hbox (12.0pt too wide) in paragraph at lines 1550--1550
[]\TU/lmtt/m/n/10 ## 83  Arandanos       V2    1715.7        14.5    11962     
 4914.6[] 
 []


Overfull \hbox (12.0pt too wide) in paragraph at lines 1550--1550
[]\TU/lmtt/m/n/10 ## 84  Arandanos       V2    1706.4        12.4    11985     
 5058.8[] 
 []


Overfull \hbox (12.0pt too wide) in paragraph at lines 1550--1550
[]\TU/lmtt/m/n/10 ## 85  Arandanos       V2    1698.5        12.1    11919     
 4934.8[] 
 []


Overfull \hbox (12.0pt too wide) in paragraph at lines 1550--1550
[]\TU/lmtt/m/n/10 ## 86  Arandanos       V2    1734.7        13.8    11997     
 4965.1[] 
 []


Overfull \hbox (12.0pt too wide) in paragraph at lines 1550--1550
[]\TU/lmtt/m/n/10 ## 87  Arandanos       V2    1785.3        14.0    11967     
 4970.2[] 
 []


Overfull \hbox (12.0pt too wide) in paragraph at lines 1550--1550
[]\TU/lmtt/m/n/10 ## 88  Arandanos       V2    1694.2        15.7    11967     
 5137.6[] 
 []


Overfull \hbox (12.0pt too wide) in paragraph at lines 1550--1550
[]\TU/lmtt/m/n/10 ## 89  Arandanos       V2    1680.7        12.1    11938     
 5140.9[] 
 []


Overfull \hbox (12.0pt too wide) in paragraph at lines 1550--1550
[]\TU/lmtt/m/n/10 ## 90  Arandanos       V2    1681.4        12.7    11988     
 5168.7[] 
 []


Overfull \hbox (12.0pt too wide) in paragraph at lines 1550--1550
[]\TU/lmtt/m/n/10 ## 91  Arandanos       V1    1907.5        11.3    12005     
 4166.3[] 
 []


Overfull \hbox (12.0pt too wide) in paragraph at lines 1550--1550
[]\TU/lmtt/m/n/10 ## 92  Arandanos       V1    1896.7        12.4    12015     
 4439.0[] 
 []


Overfull \hbox (12.0pt too wide) in paragraph at lines 1550--1550
[]\TU/lmtt/m/n/10 ## 93  Arandanos       V1    1867.3        11.9    12011     
 4374.1[] 
 []


Overfull \hbox (12.0pt too wide) in paragraph at lines 1550--1550
[]\TU/lmtt/m/n/10 ## 94  Arandanos       V1    1922.1        13.0    11995     
 4506.7[] 
 []


Overfull \hbox (12.0pt too wide) in paragraph at lines 1550--1550
[]\TU/lmtt/m/n/10 ## 95  Arandanos       V1    1941.5        11.2    12018     
 4466.9[] 
 []


Overfull \hbox (12.0pt too wide) in paragraph at lines 1550--1550
[]\TU/lmtt/m/n/10 ## 96  Arandanos       V1    1846.2        12.8    12023     
 4469.6[] 
 []


Overfull \hbox (12.0pt too wide) in paragraph at lines 1550--1550
[]\TU/lmtt/m/n/10 ## 97  Arandanos       V1    1854.6        11.9    12084     
 4517.0[] 
 []


Overfull \hbox (12.0pt too wide) in paragraph at lines 1550--1550
[]\TU/lmtt/m/n/10 ## 98  Arandanos       V1    1898.1        10.0    12069     
 4538.1[] 
 []


Overfull \hbox (12.0pt too wide) in paragraph at lines 1550--1550
[]\TU/lmtt/m/n/10 ## 99  Arandanos       V1    1783.3        11.9    11923     
 4456.1[] 
 []


Overfull \hbox (12.0pt too wide) in paragraph at lines 1550--1550
[]\TU/lmtt/m/n/10 ## 100 Arandanos       V1    1833.6        13.1    11970     
 4444.0[] 
 []


Overfull \hbox (12.0pt too wide) in paragraph at lines 1550--1550
[]\TU/lmtt/m/n/10 ## 101 Arandanos       V1    1801.7        12.8    12007     
 4525.9[] 
 []


Overfull \hbox (12.0pt too wide) in paragraph at lines 1550--1550
[]\TU/lmtt/m/n/10 ## 102 Arandanos       V1    1931.0        11.5    12023     
 4632.6[] 
 []


Overfull \hbox (12.0pt too wide) in paragraph at lines 1550--1550
[]\TU/lmtt/m/n/10 ## 103 Arandanos       V1    1865.6        13.3    12022     
 4327.5[] 
 []


Overfull \hbox (12.0pt too wide) in paragraph at lines 1550--1550
[]\TU/lmtt/m/n/10 ## 104 Arandanos       V1    1819.9        10.3    12063     
 4526.0[] 
 []


Overfull \hbox (12.0pt too wide) in paragraph at lines 1550--1550
[]\TU/lmtt/m/n/10 ## 105 Arandanos       V1    1855.1        11.6    12042     
 4523.7[] 
 []


Overfull \hbox (12.0pt too wide) in paragraph at lines 1550--1550
[]\TU/lmtt/m/n/10 ## 106 Arandanos       V2    1910.0        12.6    11924     
 4447.8[] 
 []


Overfull \hbox (12.0pt too wide) in paragraph at lines 1550--1550
[]\TU/lmtt/m/n/10 ## 107 Arandanos       V2    1708.3        10.4    11962     
 4421.7[] 
 []


Overfull \hbox (12.0pt too wide) in paragraph at lines 1550--1550
[]\TU/lmtt/m/n/10 ## 108 Arandanos       V2    1823.3        13.2    11951     
 4554.1[] 
 []


Overfull \hbox (12.0pt too wide) in paragraph at lines 1550--1550
[]\TU/lmtt/m/n/10 ## 109 Arandanos       V2    1780.9        11.6    12050     
 4344.9[] 
 []


Overfull \hbox (12.0pt too wide) in paragraph at lines 1550--1550
[]\TU/lmtt/m/n/10 ## 110 Arandanos       V2    1886.3        10.1    12020     
 4456.3[] 
 []


Overfull \hbox (12.0pt too wide) in paragraph at lines 1550--1550
[]\TU/lmtt/m/n/10 ## 111 Arandanos       V2    1838.7        13.1    11961     
 4528.3[] 
 []


Overfull \hbox (12.0pt too wide) in paragraph at lines 1550--1550
[]\TU/lmtt/m/n/10 ## 112 Arandanos       V2    1858.9        10.1    12038     
 4651.1[] 
 []


Overfull \hbox (12.0pt too wide) in paragraph at lines 1550--1550
[]\TU/lmtt/m/n/10 ## 113 Arandanos       V2    1761.6        12.0    12037     
 4758.3[] 
 []


Overfull \hbox (12.0pt too wide) in paragraph at lines 1550--1550
[]\TU/lmtt/m/n/10 ## 114 Arandanos       V2    1908.1        10.6    12055     
 4539.7[] 
 []


Overfull \hbox (12.0pt too wide) in paragraph at lines 1550--1550
[]\TU/lmtt/m/n/10 ## 115 Arandanos       V2    1857.6        11.1    11974     
 4591.7[] 
 []


Overfull \hbox (12.0pt too wide) in paragraph at lines 1550--1550
[]\TU/lmtt/m/n/10 ## 116 Arandanos       V2    1862.7        11.6    11960     
 4689.4[] 
 []


Overfull \hbox (12.0pt too wide) in paragraph at lines 1550--1550
[]\TU/lmtt/m/n/10 ## 117 Arandanos       V2    1894.5        10.6    12023     
 4400.5[] 
 []


Overfull \hbox (12.0pt too wide) in paragraph at lines 1550--1550
[]\TU/lmtt/m/n/10 ## 118 Arandanos       V2    1873.5        11.1    11971     
 4380.6[] 
 []


Overfull \hbox (12.0pt too wide) in paragraph at lines 1550--1550
[]\TU/lmtt/m/n/10 ## 119 Arandanos       V2    1915.4        11.5    12065     
 4424.1[] 
 []


Overfull \hbox (12.0pt too wide) in paragraph at lines 1550--1550
[]\TU/lmtt/m/n/10 ## 120 Arandanos       V2    1932.1        13.5    12084     
 4331.0[] 
 []

[32] [33] [34]
Overfull \hbox (48.75pt too wide) in paragraph at lines 1565--1565
[]\TU/lmtt/m/n/10 ##     Cultivo   Region Variedad Hectareas Temperatura costo_
jh rendimiento[] 
 []


Overfull \hbox (48.75pt too wide) in paragraph at lines 1565--1565
[]\TU/lmtt/m/n/10 ## 1 Arandanos Ohiggins       V1    1077.6        15.1    130
45      6927.7[] 
 []


Overfull \hbox (48.75pt too wide) in paragraph at lines 1594--1594
[]\TU/lmtt/m/n/10 ##     Cultivo   Region Variedad Hectareas Temperatura costo_
jh rendimiento[] 
 []


Overfull \hbox (48.75pt too wide) in paragraph at lines 1594--1594
[]\TU/lmtt/m/n/10 ## 1 Arandanos Ohiggins       V1    1117.8        15.0    129
33      7041.2[] 
 []


Overfull \hbox (48.75pt too wide) in paragraph at lines 1594--1594
[]\TU/lmtt/m/n/10 ## 2 Arandanos Ohiggins       V1    1007.2        15.7    130
27      6891.5[] 
 []


Overfull \hbox (48.75pt too wide) in paragraph at lines 1594--1594
[]\TU/lmtt/m/n/10 ## 3 Arandanos Ohiggins       V1    1077.6        15.1    130
45      6927.7[] 
 []


Overfull \hbox (48.75pt too wide) in paragraph at lines 1594--1594
[]\TU/lmtt/m/n/10 ## 4 Arandanos Ohiggins       V1    1091.3        15.9    129
49      6900.4[] 
 []


Overfull \hbox (48.75pt too wide) in paragraph at lines 1594--1594
[]\TU/lmtt/m/n/10 ## 5 Arandanos Ohiggins       V1    1188.9        16.1    130
02      6943.9[] 
 []


Overfull \hbox (48.75pt too wide) in paragraph at lines 1594--1594
[]\TU/lmtt/m/n/10 ## 6 Arandanos Ohiggins       V1    1111.6        15.6    129
68      6885.7[] 
 []


Overfull \hbox (48.75pt too wide) in paragraph at lines 1594--1594
[]\TU/lmtt/m/n/10 ## 7 Arandanos Ohiggins       V1    1028.8        17.4    129
78      6724.3[] 
 []

[35]
Overfull \hbox (48.75pt too wide) in paragraph at lines 1594--1594
[]\TU/lmtt/m/n/10 ## 8 Arandanos Ohiggins       V1    1124.2        14.7    130
56      6920.4[] 
 []


Overfull \hbox (6.75pt too wide) in paragraph at lines 1616--1616
[]\TU/lmtt/m/n/10 ##     Cultivo       Region Variedad Hectareas Temperatura co
sto_jh[] 
 []


Overfull \hbox (6.75pt too wide) in paragraph at lines 1616--1616
[]\TU/lmtt/m/n/10 ## 1 Arandanos     Ohiggins       V1    1117.8        15.0   
 12933[] 
 []


Overfull \hbox (6.75pt too wide) in paragraph at lines 1616--1616
[]\TU/lmtt/m/n/10 ## 2 Arandanos     Ohiggins       V1    1124.2        14.7   
 13056[] 
 []


Overfull \hbox (6.75pt too wide) in paragraph at lines 1616--1616
[]\TU/lmtt/m/n/10 ## 3 Arandanos     Ohiggins       V2    1063.7        15.3   
 12969[] 
 []


Overfull \hbox (6.75pt too wide) in paragraph at lines 1616--1616
[]\TU/lmtt/m/n/10 ## 4 Arandanos La_Araucania       V1    1833.6        13.1   
 11970[] 
 []


Overfull \hbox (54.0pt too wide) in paragraph at lines 1654--1654
[]\TU/lmtt/m/n/10 ##      Cultivo   Region Variedad Hectareas Temperatura costo
_jh rendimiento[] 
 []


Overfull \hbox (54.0pt too wide) in paragraph at lines 1654--1654
[]\TU/lmtt/m/n/10 ## 1  Arandanos Ohiggins       V1     998.9        16.9    13
026      7122.1[] 
 []


Overfull \hbox (54.0pt too wide) in paragraph at lines 1654--1654
[]\TU/lmtt/m/n/10 ## 2  Arandanos Ohiggins       V1    1117.8        15.0    12
933      7041.2[] 
 []


Overfull \hbox (54.0pt too wide) in paragraph at lines 1654--1654
[]\TU/lmtt/m/n/10 ## 3  Arandanos Ohiggins       V1    1106.5        15.9    13
056      7056.9[] 
 []


Overfull \hbox (54.0pt too wide) in paragraph at lines 1654--1654
[]\TU/lmtt/m/n/10 ## 4  Arandanos Ohiggins       V1    1159.9        14.7    13
003      7064.3[] 
 []


Overfull \hbox (54.0pt too wide) in paragraph at lines 1654--1654
[]\TU/lmtt/m/n/10 ## 5  Arandanos Ohiggins       V2    1110.8        14.3    12
970      7028.4[] 
 []


Overfull \hbox (54.0pt too wide) in paragraph at lines 1654--1654
[]\TU/lmtt/m/n/10 ## 6  Arandanos Ohiggins       V2    1091.4        13.7    13
003      7127.7[] 
 []


Overfull \hbox (54.0pt too wide) in paragraph at lines 1654--1654
[]\TU/lmtt/m/n/10 ## 7  Arandanos Ohiggins       V2    1173.8        15.7    12
994      7247.3[] 
 []


Overfull \hbox (54.0pt too wide) in paragraph at lines 1654--1654
[]\TU/lmtt/m/n/10 ## 8  Arandanos Ohiggins       V2    1099.7        15.0    12
895      7237.8[] 
 []


Overfull \hbox (54.0pt too wide) in paragraph at lines 1654--1654
[]\TU/lmtt/m/n/10 ## 9  Arandanos Ohiggins       V2    1097.1        13.5    13
055      7017.3[] 
 []

[36]
Overfull \hbox (54.0pt too wide) in paragraph at lines 1654--1654
[]\TU/lmtt/m/n/10 ## 10 Arandanos Ohiggins       V2    1132.5        14.9    13
005      7080.4[] 
 []


Overfull \hbox (54.0pt too wide) in paragraph at lines 1654--1654
[]\TU/lmtt/m/n/10 ## 11 Arandanos Ohiggins       V2    1086.0        14.4    12
988      7171.5[] 
 []


Overfull \hbox (54.0pt too wide) in paragraph at lines 1654--1654
[]\TU/lmtt/m/n/10 ## 12 Arandanos Ohiggins       V2    1035.5        12.5    12
920      7246.0[] 
 []


Overfull \hbox (48.75pt too wide) in paragraph at lines 1676--1676
[]\TU/lmtt/m/n/10 ##     Cultivo   Region Variedad Hectareas Temperatura costo_
jh rendimiento[] 
 []


Overfull \hbox (48.75pt too wide) in paragraph at lines 1676--1676
[]\TU/lmtt/m/n/10 ## 1 Arandanos Ohiggins       V1     998.9        16.9    130
26      7122.1[] 
 []


Overfull \hbox (48.75pt too wide) in paragraph at lines 1676--1676
[]\TU/lmtt/m/n/10 ## 2 Arandanos Ohiggins       V1    1117.8        15.0    129
33      7041.2[] 
 []


Overfull \hbox (48.75pt too wide) in paragraph at lines 1676--1676
[]\TU/lmtt/m/n/10 ## 3 Arandanos Ohiggins       V1    1106.5        15.9    130
56      7056.9[] 
 []


Overfull \hbox (48.75pt too wide) in paragraph at lines 1676--1676
[]\TU/lmtt/m/n/10 ## 4 Arandanos Ohiggins       V1    1159.9        14.7    130
03      7064.3[] 
 []


Overfull \hbox (12.0pt too wide) in paragraph at lines 1825--1825
[]\TU/lmtt/m/n/10 ##      Cultivo       Region Variedad Hectareas Temperatura c
osto_jh[] 
 []


Overfull \hbox (12.0pt too wide) in paragraph at lines 1825--1825
[]\TU/lmtt/m/n/10 ## 1  Arandanos     Ohiggins       V1    1029.9        16.8  
  13059[] 
 []


Overfull \hbox (12.0pt too wide) in paragraph at lines 1825--1825
[]\TU/lmtt/m/n/10 ## 2  Arandanos     Ohiggins       V1     998.9        16.9  
  13026[] 
 []


Overfull \hbox (12.0pt too wide) in paragraph at lines 1825--1825
[]\TU/lmtt/m/n/10 ## 3  Arandanos     Ohiggins       V1    1117.8        15.0  
  12933[] 
 []


Overfull \hbox (12.0pt too wide) in paragraph at lines 1825--1825
[]\TU/lmtt/m/n/10 ## 4  Arandanos     Ohiggins       V1    1007.2        15.7  
  13027[] 
 []

[37]
Overfull \hbox (12.0pt too wide) in paragraph at lines 1825--1825
[]\TU/lmtt/m/n/10 ## 5  Arandanos     Ohiggins       V1    1077.6        15.1  
  13045[] 
 []


Overfull \hbox (12.0pt too wide) in paragraph at lines 1825--1825
[]\TU/lmtt/m/n/10 ## 6  Arandanos     Ohiggins       V1    1091.3        15.9  
  12949[] 
 []


Overfull \hbox (12.0pt too wide) in paragraph at lines 1825--1825
[]\TU/lmtt/m/n/10 ## 7  Arandanos     Ohiggins       V1    1188.9        16.1  
  13002[] 
 []


Overfull \hbox (12.0pt too wide) in paragraph at lines 1825--1825
[]\TU/lmtt/m/n/10 ## 8  Arandanos     Ohiggins       V1    1111.6        15.6  
  12968[] 
 []


Overfull \hbox (12.0pt too wide) in paragraph at lines 1825--1825
[]\TU/lmtt/m/n/10 ## 9  Arandanos     Ohiggins       V1    1028.8        17.4  
  12978[] 
 []


Overfull \hbox (12.0pt too wide) in paragraph at lines 1825--1825
[]\TU/lmtt/m/n/10 ## 10 Arandanos     Ohiggins       V1    1124.2        14.7  
  13056[] 
 []


Overfull \hbox (12.0pt too wide) in paragraph at lines 1825--1825
[]\TU/lmtt/m/n/10 ## 11 Arandanos     Ohiggins       V1    1106.5        15.9  
  13056[] 
 []


Overfull \hbox (12.0pt too wide) in paragraph at lines 1825--1825
[]\TU/lmtt/m/n/10 ## 12 Arandanos     Ohiggins       V1    1000.6        15.4  
  13077[] 
 []


Overfull \hbox (12.0pt too wide) in paragraph at lines 1825--1825
[]\TU/lmtt/m/n/10 ## 13 Arandanos     Ohiggins       V1    1101.0        16.5  
  12993[] 
 []


Overfull \hbox (12.0pt too wide) in paragraph at lines 1825--1825
[]\TU/lmtt/m/n/10 ## 14 Arandanos     Ohiggins       V1    1113.9        14.0  
  12975[] 
 []


Overfull \hbox (12.0pt too wide) in paragraph at lines 1825--1825
[]\TU/lmtt/m/n/10 ## 15 Arandanos     Ohiggins       V1    1159.9        14.7  
  13003[] 
 []


Overfull \hbox (12.0pt too wide) in paragraph at lines 1825--1825
[]\TU/lmtt/m/n/10 ## 16 Arandanos     Ohiggins       V2    1110.8        14.3  
  12970[] 
 []


Overfull \hbox (12.0pt too wide) in paragraph at lines 1825--1825
[]\TU/lmtt/m/n/10 ## 17 Arandanos     Ohiggins       V2    1091.4        13.7  
  13003[] 
 []


Overfull \hbox (12.0pt too wide) in paragraph at lines 1825--1825
[]\TU/lmtt/m/n/10 ## 18 Arandanos     Ohiggins       V2    1173.8        15.7  
  12994[] 
 []


Overfull \hbox (12.0pt too wide) in paragraph at lines 1825--1825
[]\TU/lmtt/m/n/10 ## 19 Arandanos     Ohiggins       V2    1099.7        15.0  
  12895[] 
 []


Overfull \hbox (12.0pt too wide) in paragraph at lines 1825--1825
[]\TU/lmtt/m/n/10 ## 20 Arandanos     Ohiggins       V2    1097.1        13.5  
  13055[] 
 []


Overfull \hbox (12.0pt too wide) in paragraph at lines 1825--1825
[]\TU/lmtt/m/n/10 ## 21 Arandanos     Ohiggins       V2    1132.5        14.9  
  13005[] 
 []


Overfull \hbox (12.0pt too wide) in paragraph at lines 1825--1825
[]\TU/lmtt/m/n/10 ## 22 Arandanos     Ohiggins       V2    1086.0        14.4  
  12988[] 
 []


Overfull \hbox (12.0pt too wide) in paragraph at lines 1825--1825
[]\TU/lmtt/m/n/10 ## 23 Arandanos     Ohiggins       V2    1035.5        12.5  
  12920[] 
 []


Overfull \hbox (12.0pt too wide) in paragraph at lines 1825--1825
[]\TU/lmtt/m/n/10 ## 24 Arandanos        Maule       V1    3750.2        15.6  
  12968[] 
 []


Overfull \hbox (12.0pt too wide) in paragraph at lines 1825--1825
[]\TU/lmtt/m/n/10 ## 25 Arandanos        Maule       V1    3668.7        11.6  
  13013[] 
 []


Overfull \hbox (12.0pt too wide) in paragraph at lines 1825--1825
[]\TU/lmtt/m/n/10 ## 26 Arandanos        Maule       V1    3586.2        15.8  
  13007[] 
 []


Overfull \hbox (12.0pt too wide) in paragraph at lines 1825--1825
[]\TU/lmtt/m/n/10 ## 27 Arandanos        Maule       V1    3678.0        15.0  
  13033[] 
 []


Overfull \hbox (12.0pt too wide) in paragraph at lines 1825--1825
[]\TU/lmtt/m/n/10 ## 28 Arandanos        Maule       V1    3729.1        12.5  
  13057[] 
 []


Overfull \hbox (12.0pt too wide) in paragraph at lines 1825--1825
[]\TU/lmtt/m/n/10 ## 29 Arandanos        Maule       V1    3709.2        15.9  
  13039[] 
 []


Overfull \hbox (12.0pt too wide) in paragraph at lines 1825--1825
[]\TU/lmtt/m/n/10 ## 30 Arandanos        Maule       V1    3636.3        15.6  
  12961[] 
 []


Overfull \hbox (12.0pt too wide) in paragraph at lines 1825--1825
[]\TU/lmtt/m/n/10 ## 31 Arandanos        Maule       V1    3749.6        13.7  
  13023[] 
 []


Overfull \hbox (12.0pt too wide) in paragraph at lines 1825--1825
[]\TU/lmtt/m/n/10 ## 32 Arandanos        Maule       V1    3644.6        12.5  
  12985[] 
 []


Overfull \hbox (12.0pt too wide) in paragraph at lines 1825--1825
[]\TU/lmtt/m/n/10 ## 33 Arandanos        Maule       V1    3634.6        14.5  
  13041[] 
 []


Overfull \hbox (12.0pt too wide) in paragraph at lines 1825--1825
[]\TU/lmtt/m/n/10 ## 34 Arandanos        Maule       V1    3649.5        15.1  
  12942[] 
 []


Overfull \hbox (12.0pt too wide) in paragraph at lines 1825--1825
[]\TU/lmtt/m/n/10 ## 35 Arandanos        Maule       V1    3788.0        13.7  
  13121[] 
 []


Overfull \hbox (12.0pt too wide) in paragraph at lines 1825--1825
[]\TU/lmtt/m/n/10 ## 36 Arandanos        Maule       V1    3699.9        15.9  
  12945[] 
 []


Overfull \hbox (12.0pt too wide) in paragraph at lines 1825--1825
[]\TU/lmtt/m/n/10 ## 37 Arandanos        Maule       V1    3718.2        14.0  
  12967[] 
 []


Overfull \hbox (12.0pt too wide) in paragraph at lines 1825--1825
[]\TU/lmtt/m/n/10 ## 38 Arandanos        Maule       V1    3645.8        13.2  
  13098[] 
 []


Overfull \hbox (12.0pt too wide) in paragraph at lines 1825--1825
[]\TU/lmtt/m/n/10 ## 39 Arandanos       BioBio       V1    1642.1        13.5  
  12018[] 
 []


Overfull \hbox (12.0pt too wide) in paragraph at lines 1825--1825
[]\TU/lmtt/m/n/10 ## 40 Arandanos       BioBio       V1    1823.2        13.6  
  12051[] 
 []


Overfull \hbox (12.0pt too wide) in paragraph at lines 1825--1825
[]\TU/lmtt/m/n/10 ## 41 Arandanos       BioBio       V1    1801.9        12.4  
  12004[] 
 []


Overfull \hbox (12.0pt too wide) in paragraph at lines 1825--1825
[]\TU/lmtt/m/n/10 ## 42 Arandanos       BioBio       V1    1742.7        12.6  
  12005[] 
 []


Overfull \hbox (12.0pt too wide) in paragraph at lines 1825--1825
[]\TU/lmtt/m/n/10 ## 43 Arandanos       BioBio       V1    1731.6        13.8  
  12069[] 
 []


Overfull \hbox (12.0pt too wide) in paragraph at lines 1825--1825
[]\TU/lmtt/m/n/10 ## 44 Arandanos       BioBio       V1    1601.4        11.7  
  11906[] 
 []


Overfull \hbox (12.0pt too wide) in paragraph at lines 1825--1825
[]\TU/lmtt/m/n/10 ## 45 Arandanos       BioBio       V1    1793.8        13.9  
  11901[] 
 []


Overfull \hbox (12.0pt too wide) in paragraph at lines 1825--1825
[]\TU/lmtt/m/n/10 ## 46 Arandanos       BioBio       V1    1766.3        14.1  
  11962[] 
 []


Overfull \hbox (12.0pt too wide) in paragraph at lines 1825--1825
[]\TU/lmtt/m/n/10 ## 47 Arandanos       BioBio       V1    1793.7        14.8  
  11989[] 
 []


Overfull \hbox (12.0pt too wide) in paragraph at lines 1825--1825
[]\TU/lmtt/m/n/10 ## 48 Arandanos       BioBio       V1    1742.0        11.5  
  11988[] 
 []

[38]
Overfull \hbox (12.0pt too wide) in paragraph at lines 1825--1825
[]\TU/lmtt/m/n/10 ## 49 Arandanos       BioBio       V1    1656.7        14.0  
  11976[] 
 []


Overfull \hbox (12.0pt too wide) in paragraph at lines 1825--1825
[]\TU/lmtt/m/n/10 ## 50 Arandanos       BioBio       V1    1659.9        14.8  
  12014[] 
 []


Overfull \hbox (12.0pt too wide) in paragraph at lines 1825--1825
[]\TU/lmtt/m/n/10 ## 51 Arandanos       BioBio       V1    1573.9        14.9  
  12083[] 
 []


Overfull \hbox (12.0pt too wide) in paragraph at lines 1825--1825
[]\TU/lmtt/m/n/10 ## 52 Arandanos       BioBio       V1    1781.8        13.4  
  11997[] 
 []


Overfull \hbox (12.0pt too wide) in paragraph at lines 1825--1825
[]\TU/lmtt/m/n/10 ## 53 Arandanos       BioBio       V1    1724.4        12.5  
  11893[] 
 []


Overfull \hbox (12.0pt too wide) in paragraph at lines 1825--1825
[]\TU/lmtt/m/n/10 ## 54 Arandanos La_Araucania       V1    1907.5        11.3  
  12005[] 
 []


Overfull \hbox (12.0pt too wide) in paragraph at lines 1825--1825
[]\TU/lmtt/m/n/10 ## 55 Arandanos La_Araucania       V1    1896.7        12.4  
  12015[] 
 []


Overfull \hbox (12.0pt too wide) in paragraph at lines 1825--1825
[]\TU/lmtt/m/n/10 ## 56 Arandanos La_Araucania       V1    1867.3        11.9  
  12011[] 
 []


Overfull \hbox (12.0pt too wide) in paragraph at lines 1825--1825
[]\TU/lmtt/m/n/10 ## 57 Arandanos La_Araucania       V1    1922.1        13.0  
  11995[] 
 []


Overfull \hbox (12.0pt too wide) in paragraph at lines 1825--1825
[]\TU/lmtt/m/n/10 ## 58 Arandanos La_Araucania       V1    1941.5        11.2  
  12018[] 
 []


Overfull \hbox (12.0pt too wide) in paragraph at lines 1825--1825
[]\TU/lmtt/m/n/10 ## 59 Arandanos La_Araucania       V1    1846.2        12.8  
  12023[] 
 []


Overfull \hbox (12.0pt too wide) in paragraph at lines 1825--1825
[]\TU/lmtt/m/n/10 ## 60 Arandanos La_Araucania       V1    1854.6        11.9  
  12084[] 
 []


Overfull \hbox (12.0pt too wide) in paragraph at lines 1825--1825
[]\TU/lmtt/m/n/10 ## 61 Arandanos La_Araucania       V1    1898.1        10.0  
  12069[] 
 []


Overfull \hbox (12.0pt too wide) in paragraph at lines 1825--1825
[]\TU/lmtt/m/n/10 ## 62 Arandanos La_Araucania       V1    1783.3        11.9  
  11923[] 
 []


Overfull \hbox (12.0pt too wide) in paragraph at lines 1825--1825
[]\TU/lmtt/m/n/10 ## 63 Arandanos La_Araucania       V1    1833.6        13.1  
  11970[] 
 []


Overfull \hbox (12.0pt too wide) in paragraph at lines 1825--1825
[]\TU/lmtt/m/n/10 ## 64 Arandanos La_Araucania       V1    1801.7        12.8  
  12007[] 
 []


Overfull \hbox (12.0pt too wide) in paragraph at lines 1825--1825
[]\TU/lmtt/m/n/10 ## 65 Arandanos La_Araucania       V1    1931.0        11.5  
  12023[] 
 []


Overfull \hbox (12.0pt too wide) in paragraph at lines 1825--1825
[]\TU/lmtt/m/n/10 ## 66 Arandanos La_Araucania       V1    1865.6        13.3  
  12022[] 
 []


Overfull \hbox (12.0pt too wide) in paragraph at lines 1825--1825
[]\TU/lmtt/m/n/10 ## 67 Arandanos La_Araucania       V1    1819.9        10.3  
  12063[] 
 []


Overfull \hbox (12.0pt too wide) in paragraph at lines 1825--1825
[]\TU/lmtt/m/n/10 ## 68 Arandanos La_Araucania       V1    1855.1        11.6  
  12042[] 
 []

[39]
Underfull \vbox (badness 10000) has occurred while \output is active []

[40]
Overfull \hbox (43.5pt too wide) in paragraph at lines 1904--1904
[]\TU/lmtt/m/n/10 ##      Cultivo Region Variedad Hectareas Temperatura costo_j
h rendimiento[] 
 []


Overfull \hbox (43.5pt too wide) in paragraph at lines 1904--1904
[]\TU/lmtt/m/n/10 ## 1  Arandanos  Maule       V1    3750.2        15.6    1296
8      5931.1[] 
 []


Overfull \hbox (43.5pt too wide) in paragraph at lines 1904--1904
[]\TU/lmtt/m/n/10 ## 2  Arandanos  Maule       V1    3668.7        11.6    1301
3      6076.3[] 
 []


Overfull \hbox (43.5pt too wide) in paragraph at lines 1904--1904
[]\TU/lmtt/m/n/10 ## 3  Arandanos  Maule       V1    3586.2        15.8    1300
7      6005.6[] 
 []


Overfull \hbox (43.5pt too wide) in paragraph at lines 1904--1904
[]\TU/lmtt/m/n/10 ## 4  Arandanos  Maule       V1    3678.0        15.0    1303
3      5964.3[] 
 []


Overfull \hbox (43.5pt too wide) in paragraph at lines 1904--1904
[]\TU/lmtt/m/n/10 ## 5  Arandanos  Maule       V1    3729.1        12.5    1305
7      6003.4[] 
 []


Overfull \hbox (43.5pt too wide) in paragraph at lines 1904--1904
[]\TU/lmtt/m/n/10 ## 6  Arandanos  Maule       V1    3709.2        15.9    1303
9      6026.0[] 
 []


Overfull \hbox (43.5pt too wide) in paragraph at lines 1904--1904
[]\TU/lmtt/m/n/10 ## 7  Arandanos  Maule       V1    3636.3        15.6    1296
1      5973.5[] 
 []


Overfull \hbox (43.5pt too wide) in paragraph at lines 1904--1904
[]\TU/lmtt/m/n/10 ## 8  Arandanos  Maule       V1    3749.6        13.7    1302
3      6046.6[] 
 []


Overfull \hbox (43.5pt too wide) in paragraph at lines 1904--1904
[]\TU/lmtt/m/n/10 ## 9  Arandanos  Maule       V1    3644.6        12.5    1298
5      5960.2[] 
 []


Overfull \hbox (43.5pt too wide) in paragraph at lines 1904--1904
[]\TU/lmtt/m/n/10 ## 10 Arandanos  Maule       V1    3634.6        14.5    1304
1      6011.1[] 
 []


Overfull \hbox (43.5pt too wide) in paragraph at lines 1904--1904
[]\TU/lmtt/m/n/10 ## 11 Arandanos  Maule       V1    3649.5        15.1    1294
2      6012.2[] 
 []


Overfull \hbox (43.5pt too wide) in paragraph at lines 1904--1904
[]\TU/lmtt/m/n/10 ## 12 Arandanos  Maule       V1    3788.0        13.7    1312
1      6100.5[] 
 []


Overfull \hbox (43.5pt too wide) in paragraph at lines 1904--1904
[]\TU/lmtt/m/n/10 ## 13 Arandanos  Maule       V1    3699.9        15.9    1294
5      5932.6[] 
 []


Overfull \hbox (43.5pt too wide) in paragraph at lines 1904--1904
[]\TU/lmtt/m/n/10 ## 14 Arandanos  Maule       V1    3718.2        14.0    1296
7      5876.5[] 
 []


Overfull \hbox (43.5pt too wide) in paragraph at lines 1904--1904
[]\TU/lmtt/m/n/10 ## 15 Arandanos  Maule       V1    3645.8        13.2    1309
8      5745.2[] 
 []


Overfull \hbox (43.5pt too wide) in paragraph at lines 1904--1904
[]\TU/lmtt/m/n/10 ## 16 Arandanos  Maule       V2    3699.5        14.0    1306
5      5890.1[] 
 []


Overfull \hbox (43.5pt too wide) in paragraph at lines 1904--1904
[]\TU/lmtt/m/n/10 ## 17 Arandanos  Maule       V2    3627.4        13.5    1300
8      6078.3[] 
 []


Overfull \hbox (43.5pt too wide) in paragraph at lines 1904--1904
[]\TU/lmtt/m/n/10 ## 18 Arandanos  Maule       V2    3685.2        16.8    1308
8      6062.3[] 
 []


Overfull \hbox (43.5pt too wide) in paragraph at lines 1904--1904
[]\TU/lmtt/m/n/10 ## 19 Arandanos  Maule       V2    3770.5        14.5    1303
4      5852.9[] 
 []


Overfull \hbox (43.5pt too wide) in paragraph at lines 1904--1904
[]\TU/lmtt/m/n/10 ## 20 Arandanos  Maule       V2    3711.1        15.5    1306
4      6016.7[] 
 []


Overfull \hbox (43.5pt too wide) in paragraph at lines 1904--1904
[]\TU/lmtt/m/n/10 ## 21 Arandanos  Maule       V2    3758.2        13.7    1297
5      6112.8[] 
 []


Overfull \hbox (43.5pt too wide) in paragraph at lines 1904--1904
[]\TU/lmtt/m/n/10 ## 22 Arandanos  Maule       V2    3685.5        12.7    1308
7      6032.1[] 
 []


Overfull \hbox (43.5pt too wide) in paragraph at lines 1904--1904
[]\TU/lmtt/m/n/10 ## 23 Arandanos  Maule       V2    3619.6        13.5    1290
2      6139.0[] 
 []


Overfull \hbox (43.5pt too wide) in paragraph at lines 1904--1904
[]\TU/lmtt/m/n/10 ## 24 Arandanos  Maule       V2    3724.8        14.7    1297
4      6008.3[] 
 []


Overfull \hbox (43.5pt too wide) in paragraph at lines 1904--1904
[]\TU/lmtt/m/n/10 ## 25 Arandanos  Maule       V2    3735.7        13.5    1297
6      5936.0[] 
 []


Overfull \hbox (43.5pt too wide) in paragraph at lines 1904--1904
[]\TU/lmtt/m/n/10 ## 26 Arandanos  Maule       V2    3672.5        15.1    1293
7      5929.8[] 
 []


Overfull \hbox (43.5pt too wide) in paragraph at lines 1904--1904
[]\TU/lmtt/m/n/10 ## 27 Arandanos  Maule       V2    3657.3        15.3    1294
6      6036.1[] 
 []


Overfull \hbox (43.5pt too wide) in paragraph at lines 1904--1904
[]\TU/lmtt/m/n/10 ## 28 Arandanos  Maule       V2    3657.9        13.4    1296
3      6084.7[] 
 []


Overfull \hbox (43.5pt too wide) in paragraph at lines 1904--1904
[]\TU/lmtt/m/n/10 ## 29 Arandanos  Maule       V2    3721.7        15.8    1295
5      5848.1[] 
 []


Overfull \hbox (43.5pt too wide) in paragraph at lines 1904--1904
[]\TU/lmtt/m/n/10 ## 30 Arandanos  Maule       V2    3762.6        16.2    1305
9      6125.2[] 
 []

[41] [42]
Chapter 4.
File: 04-lab_files/figure-latex/unnamed-chunk-1-1.pdf Graphic file (type pdf)
<use 04-lab_files/figure-latex/unnamed-chunk-1-1.pdf>
[43

]
File: 04-lab_files/figure-latex/unnamed-chunk-2-1.pdf Graphic file (type pdf)
<use 04-lab_files/figure-latex/unnamed-chunk-2-1.pdf>

Underfull \vbox (badness 10000) has occurred while \output is active []

[44] [45]
File: 04-lab_files/figure-latex/unnamed-chunk-3-1.pdf Graphic file (type pdf)
<use 04-lab_files/figure-latex/unnamed-chunk-3-1.pdf>
[46]
File: 04-lab_files/figure-latex/unnamed-chunk-4-1.pdf Graphic file (type pdf)
<use 04-lab_files/figure-latex/unnamed-chunk-4-1.pdf>
File: 04-lab_files/figure-latex/unnamed-chunk-5-1.pdf Graphic file (type pdf)
<use 04-lab_files/figure-latex/unnamed-chunk-5-1.pdf>

Underfull \vbox (badness 10000) has occurred while \output is active []

[47]
File: 04-lab_files/figure-latex/unnamed-chunk-6-1.pdf Graphic file (type pdf)
<use 04-lab_files/figure-latex/unnamed-chunk-6-1.pdf>

Underfull \vbox (badness 10000) has occurred while \output is active []

[48]
File: 04-lab_files/figure-latex/unnamed-chunk-7-1.pdf Graphic file (type pdf)
<use 04-lab_files/figure-latex/unnamed-chunk-7-1.pdf>

Underfull \vbox (badness 3168) has occurred while \output is active []

[49]
File: 04-lab_files/figure-latex/unnamed-chunk-8-1.pdf Graphic file (type pdf)
<use 04-lab_files/figure-latex/unnamed-chunk-8-1.pdf>

Underfull \vbox (badness 10000) has occurred while \output is active []

[50]
Overfull \hbox (38.25pt too wide) in paragraph at lines 2139--2139
[]\TU/lmtt/m/n/10 ## Warning in plot.window(xlim, ylim, "", ...): "Freq" is not
 a graphical[] 
 []

[51]
Overfull \hbox (48.75pt too wide) in paragraph at lines 2144--2144
[]\TU/lmtt/m/n/10 ## Warning in title(main = main, sub = sub, xlab = xlab, ylab
 = ylab, ...):[] 
 []

File: 04-lab_files/figure-latex/unnamed-chunk-9-1.pdf Graphic file (type pdf)
<use 04-lab_files/figure-latex/unnamed-chunk-9-1.pdf>
(./guia_me.bbl [52])

Package natbib Warning: There were undefined citations.

Package atveryend Info: Empty hook `BeforeClearDocument' on input line 2175.
[53

]
Package atveryend Info: Empty hook `AfterLastShipout' on input line 2175.
(./guia_me.aux)
Package atveryend Info: Empty hook `AtVeryEndDocument' on input line 2175.
Package atveryend Info: Executing hook `AtEndAfterFileList' on input line 2175.

Package rerunfilecheck Info: File `guia_me.out' has not changed.
(rerunfilecheck)             Checksum: E59ECF7243CE7D9453F91B97409F829B.
 ) 
Here is how much of TeX's memory you used:
 23246 strings out of 494894
 439513 string characters out of 6175663
 535283 words of memory out of 5000000
 26971 multiletter control sequences out of 15000+600000
 545097 words of font info for 59 fonts, out of 8000000 for 9000
 14 hyphenation exceptions out of 8191
 45i,6n,47p,804b,448s stack positions out of 5000i,500n,10000p,200000b,80000s

Output written on guia_me.pdf (53 pages).
